GAS LISTING /tmp/ccUFDRbx.s 			page 1


   1               		.file	"timer0_pwm.c"
   2               	__SP_H__ = 0x3e
   3               	__SP_L__ = 0x3d
   4               	__SREG__ = 0x3f
   5               	__tmp_reg__ = 0
   6               	__zero_reg__ = 1
   7               		.stabs	"/home/rcampello/Desktop/UFPE/6p/RTOs/6aula/",100,0,2,.Ltext0
   8               		.stabs	"timer0_pwm.c",100,0,2,.Ltext0
   9               		.text
  10               	.Ltext0:
  11               		.stabs	"gcc2_compiled.",60,0,0,0
  12               		.stabs	"int:t(0,1)=r(0,1);-32768;32767;",128,0,0,0
  13               		.stabs	"char:t(0,2)=@s8;r(0,2);0;255;",128,0,0,0
  14               		.stabs	"long int:t(0,3)=@s32;r(0,3);020000000000;017777777777;",128,0,0,0
  15               		.stabs	"unsigned int:t(0,4)=r(0,4);0;0177777;",128,0,0,0
  16               		.stabs	"long unsigned int:t(0,5)=@s32;r(0,5);0;037777777777;",128,0,0,0
  17               		.stabs	"long long int:t(0,6)=@s64;r(0,6);01000000000000000000000;0777777777777777777777;",128,0,0,
  18               		.stabs	"long long unsigned int:t(0,7)=@s64;r(0,7);0;01777777777777777777777;",128,0,0,0
  19               		.stabs	"short int:t(0,8)=r(0,8);-32768;32767;",128,0,0,0
  20               		.stabs	"short unsigned int:t(0,9)=r(0,9);0;0177777;",128,0,0,0
  21               		.stabs	"signed char:t(0,10)=@s8;r(0,10);-128;127;",128,0,0,0
  22               		.stabs	"unsigned char:t(0,11)=@s8;r(0,11);0;255;",128,0,0,0
  23               		.stabs	"float:t(0,12)=r(0,1);4;0;",128,0,0,0
  24               		.stabs	"double:t(0,13)=r(0,1);4;0;",128,0,0,0
  25               		.stabs	"long double:t(0,14)=r(0,1);4;0;",128,0,0,0
  26               		.stabs	"short _Fract:t(0,15)=r(0,1);1;0;",128,0,0,0
  27               		.stabs	"_Fract:t(0,16)=r(0,1);2;0;",128,0,0,0
  28               		.stabs	"long _Fract:t(0,17)=r(0,1);4;0;",128,0,0,0
  29               		.stabs	"long long _Fract:t(0,18)=r(0,1);8;0;",128,0,0,0
  30               		.stabs	"unsigned short _Fract:t(0,19)=r(0,1);1;0;",128,0,0,0
  31               		.stabs	"unsigned _Fract:t(0,20)=r(0,1);2;0;",128,0,0,0
  32               		.stabs	"unsigned long _Fract:t(0,21)=r(0,1);4;0;",128,0,0,0
  33               		.stabs	"unsigned long long _Fract:t(0,22)=r(0,1);8;0;",128,0,0,0
  34               		.stabs	"_Sat short _Fract:t(0,23)=r(0,1);1;0;",128,0,0,0
  35               		.stabs	"_Sat _Fract:t(0,24)=r(0,1);2;0;",128,0,0,0
  36               		.stabs	"_Sat long _Fract:t(0,25)=r(0,1);4;0;",128,0,0,0
  37               		.stabs	"_Sat long long _Fract:t(0,26)=r(0,1);8;0;",128,0,0,0
  38               		.stabs	"_Sat unsigned short _Fract:t(0,27)=r(0,1);1;0;",128,0,0,0
  39               		.stabs	"_Sat unsigned _Fract:t(0,28)=r(0,1);2;0;",128,0,0,0
  40               		.stabs	"_Sat unsigned long _Fract:t(0,29)=r(0,1);4;0;",128,0,0,0
  41               		.stabs	"_Sat unsigned long long _Fract:t(0,30)=r(0,1);8;0;",128,0,0,0
  42               		.stabs	"short _Accum:t(0,31)=r(0,1);2;0;",128,0,0,0
  43               		.stabs	"_Accum:t(0,32)=r(0,1);4;0;",128,0,0,0
  44               		.stabs	"long _Accum:t(0,33)=r(0,1);8;0;",128,0,0,0
  45               		.stabs	"long long _Accum:t(0,34)=r(0,1);8;0;",128,0,0,0
  46               		.stabs	"unsigned short _Accum:t(0,35)=r(0,1);2;0;",128,0,0,0
  47               		.stabs	"unsigned _Accum:t(0,36)=r(0,1);4;0;",128,0,0,0
  48               		.stabs	"unsigned long _Accum:t(0,37)=r(0,1);8;0;",128,0,0,0
  49               		.stabs	"unsigned long long _Accum:t(0,38)=r(0,1);8;0;",128,0,0,0
  50               		.stabs	"_Sat short _Accum:t(0,39)=r(0,1);2;0;",128,0,0,0
  51               		.stabs	"_Sat _Accum:t(0,40)=r(0,1);4;0;",128,0,0,0
  52               		.stabs	"_Sat long _Accum:t(0,41)=r(0,1);8;0;",128,0,0,0
  53               		.stabs	"_Sat long long _Accum:t(0,42)=r(0,1);8;0;",128,0,0,0
  54               		.stabs	"_Sat unsigned short _Accum:t(0,43)=r(0,1);2;0;",128,0,0,0
  55               		.stabs	"_Sat unsigned _Accum:t(0,44)=r(0,1);4;0;",128,0,0,0
  56               		.stabs	"_Sat unsigned long _Accum:t(0,45)=r(0,1);8;0;",128,0,0,0
  57               		.stabs	"_Sat unsigned long long _Accum:t(0,46)=r(0,1);8;0;",128,0,0,0
GAS LISTING /tmp/ccUFDRbx.s 			page 2


  58               		.stabs	"void:t(0,47)=(0,47)",128,0,0,0
  59               		.stabs	"/usr/lib/avr/include/avr/io.h",130,0,0,0
  60               		.stabs	"/usr/lib/avr/include/avr/sfr_defs.h",130,0,0,0
  61               		.stabs	"/usr/lib/avr/include/inttypes.h",130,0,0,0
  62               		.stabs	"/usr/lib/gcc/avr/4.9.2/include/stdint.h",130,0,0,0
  63               		.stabs	"/usr/lib/avr/include/stdint.h",130,0,0,0
  64               		.stabs	"int8_t:t(5,1)=(0,10)",128,0,121,0
  65               		.stabs	"uint8_t:t(5,2)=(0,11)",128,0,122,0
  66               		.stabs	"int16_t:t(5,3)=(0,1)",128,0,123,0
  67               		.stabs	"uint16_t:t(5,4)=(0,4)",128,0,124,0
  68               		.stabs	"int32_t:t(5,5)=(0,3)",128,0,125,0
  69               		.stabs	"uint32_t:t(5,6)=(0,5)",128,0,126,0
  70               		.stabs	"int64_t:t(5,7)=(0,6)",128,0,128,0
  71               		.stabs	"uint64_t:t(5,8)=(0,7)",128,0,129,0
  72               		.stabs	"intptr_t:t(5,9)=(5,3)",128,0,142,0
  73               		.stabs	"uintptr_t:t(5,10)=(5,4)",128,0,147,0
  74               		.stabs	"int_least8_t:t(5,11)=(5,1)",128,0,159,0
  75               		.stabs	"uint_least8_t:t(5,12)=(5,2)",128,0,164,0
  76               		.stabs	"int_least16_t:t(5,13)=(5,3)",128,0,169,0
  77               		.stabs	"uint_least16_t:t(5,14)=(5,4)",128,0,174,0
  78               		.stabs	"int_least32_t:t(5,15)=(5,5)",128,0,179,0
  79               		.stabs	"uint_least32_t:t(5,16)=(5,6)",128,0,184,0
  80               		.stabs	"int_least64_t:t(5,17)=(5,7)",128,0,192,0
  81               		.stabs	"uint_least64_t:t(5,18)=(5,8)",128,0,199,0
  82               		.stabs	"int_fast8_t:t(5,19)=(5,1)",128,0,213,0
  83               		.stabs	"uint_fast8_t:t(5,20)=(5,2)",128,0,218,0
  84               		.stabs	"int_fast16_t:t(5,21)=(5,3)",128,0,223,0
  85               		.stabs	"uint_fast16_t:t(5,22)=(5,4)",128,0,228,0
  86               		.stabs	"int_fast32_t:t(5,23)=(5,5)",128,0,233,0
  87               		.stabs	"uint_fast32_t:t(5,24)=(5,6)",128,0,238,0
  88               		.stabs	"int_fast64_t:t(5,25)=(5,7)",128,0,246,0
  89               		.stabs	"uint_fast64_t:t(5,26)=(5,8)",128,0,253,0
  90               		.stabs	"intmax_t:t(5,27)=(5,7)",128,0,273,0
  91               		.stabs	"uintmax_t:t(5,28)=(5,8)",128,0,278,0
  92               		.stabn	162,0,0,0
  93               		.stabn	162,0,0,0
  94               		.stabs	"int_farptr_t:t(3,1)=(5,5)",128,0,77,0
  95               		.stabs	"uint_farptr_t:t(3,2)=(5,6)",128,0,81,0
  96               		.stabn	162,0,0,0
  97               		.stabn	162,0,0,0
  98               		.stabs	"/usr/lib/avr/include/avr/fuse.h",130,0,0,0
  99               		.stabs	"__fuse_t:t(6,1)=(6,2)=s3low:(0,11),0,8;high:(0,11),8,8;extended:(0,11),16,8;;",128,0,244,0
 100               		.stabn	162,0,0,0
 101               		.stabn	162,0,0,0
 102               		.stabs	"setup_timer0:F(0,47)",36,0,13,setup_timer0
 103               	.global	setup_timer0
 104               		.type	setup_timer0, @function
 105               	setup_timer0:
 106               		.stabd	46,0,0
   1:timer0_pwm.c  **** #include <avr/io.h>
   2:timer0_pwm.c  **** #include <avr/cpufunc.h>
   3:timer0_pwm.c  **** #include <avr/interrupt.h>
   4:timer0_pwm.c  **** 
   5:timer0_pwm.c  **** 
   6:timer0_pwm.c  **** /* 
   7:timer0_pwm.c  ****  * Constantes utilizadas no código 
   8:timer0_pwm.c  ****  */
GAS LISTING /tmp/ccUFDRbx.s 			page 3


   9:timer0_pwm.c  **** 
  10:timer0_pwm.c  **** /* 
  11:timer0_pwm.c  ****  * Definição de funções 
  12:timer0_pwm.c  ****  */
  13:timer0_pwm.c  **** void setup_timer0(void)
  14:timer0_pwm.c  **** {
 107               		.stabn	68,0,14,.LM0-.LFBB1
 108               	.LM0:
 109               	.LFBB1:
 110               	/* prologue: function */
 111               	/* frame size = 0 */
 112               	/* stack size = 0 */
 113               	.L__stack_usage = 0
  15:timer0_pwm.c  ****     /*
  16:timer0_pwm.c  ****      * Para as macros abaixo e outras, veja o arquivo
  17:timer0_pwm.c  ****      * /usr/lib/avr/include/avr/iom328p.h
  18:timer0_pwm.c  ****      */
  19:timer0_pwm.c  ****     /*
  20:timer0_pwm.c  ****      * Primeiro setamos o pino OC0B como saída
  21:timer0_pwm.c  ****      */
  22:timer0_pwm.c  ****     DDRD |= (1 << PD5);  /* OC0B para a placa Nano */
 114               		.stabn	68,0,22,.LM1-.LFBB1
 115               	.LM1:
 116 0000 559A      		sbi 0xa,5
  23:timer0_pwm.c  ****     
  24:timer0_pwm.c  ****     /*
  25:timer0_pwm.c  ****      * Agora configuramos Timer0
  26:timer0_pwm.c  ****      */
  27:timer0_pwm.c  ****     OCR0A  = 160;
 117               		.stabn	68,0,27,.LM2-.LFBB1
 118               	.LM2:
 119 0002 80EA      		ldi r24,lo8(-96)
 120 0004 87BD      		out 0x27,r24
  28:timer0_pwm.c  ****     OCR0B  = 48;
 121               		.stabn	68,0,28,.LM3-.LFBB1
 122               	.LM3:
 123 0006 80E3      		ldi r24,lo8(48)
 124 0008 88BD      		out 0x28,r24
  29:timer0_pwm.c  ****     TCCR0A = (1 << COM0B1) | (1 << WGM01) | (1 << WGM00);
 125               		.stabn	68,0,29,.LM4-.LFBB1
 126               	.LM4:
 127 000a 83E2      		ldi r24,lo8(35)
 128 000c 84BD      		out 0x24,r24
  30:timer0_pwm.c  ****     TCCR0B = (1 << WGM02) | (1 << CS00);
 129               		.stabn	68,0,30,.LM5-.LFBB1
 130               	.LM5:
 131 000e 89E0      		ldi r24,lo8(9)
 132 0010 85BD      		out 0x25,r24
 133 0012 0895      		ret
 134               		.size	setup_timer0, .-setup_timer0
 135               	.Lscope1:
 136               		.stabs	"",36,0,0,.Lscope1-.LFBB1
 137               		.stabd	78,0,0
 138               		.stabs	"setup_main:F(0,47)",36,0,34,setup_main
 139               	.global	setup_main
 140               		.type	setup_main, @function
 141               	setup_main:
GAS LISTING /tmp/ccUFDRbx.s 			page 4


 142               		.stabd	46,0,0
  31:timer0_pwm.c  **** }
  32:timer0_pwm.c  **** 
  33:timer0_pwm.c  **** /* -------------------------------------*/
  34:timer0_pwm.c  **** void setup_main(void)
  35:timer0_pwm.c  **** {
 143               		.stabn	68,0,35,.LM6-.LFBB2
 144               	.LM6:
 145               	.LFBB2:
 146               	/* prologue: function */
 147               	/* frame size = 0 */
 148               	/* stack size = 0 */
 149               	.L__stack_usage = 0
  36:timer0_pwm.c  ****     LED_DDR |= (1 << LED_PINNBR);
 150               		.stabn	68,0,36,.LM7-.LFBB2
 151               	.LM7:
 152 0014 259A      		sbi 0x4,5
  37:timer0_pwm.c  ****     sei(); /* Seta flag principal de habilitação de interrupções */
 153               		.stabn	68,0,37,.LM8-.LFBB2
 154               	.LM8:
 155               	/* #APP */
 156               	 ;  37 "timer0_pwm.c" 1
 157 0016 7894      		sei
 158               	 ;  0 "" 2
 159               	/* #NOAPP */
 160 0018 0895      		ret
 161               		.size	setup_main, .-setup_main
 162               	.Lscope2:
 163               		.stabs	"",36,0,0,.Lscope2-.LFBB2
 164               		.stabd	78,0,0
 165               		.stabs	"delay_ms:F(0,47)",36,0,41,delay_ms
 166               		.stabs	"ms:P(5,4)",64,0,41,24
 167               	.global	delay_ms
 168               		.type	delay_ms, @function
 169               	delay_ms:
 170               		.stabd	46,0,0
  38:timer0_pwm.c  **** }
  39:timer0_pwm.c  **** 
  40:timer0_pwm.c  **** /* -------------------------------------*/
  41:timer0_pwm.c  **** void delay_ms(uint16_t ms)
  42:timer0_pwm.c  **** {
 171               		.stabn	68,0,42,.LM9-.LFBB3
 172               	.LM9:
 173               	.LFBB3:
 174               	/* prologue: function */
 175               	/* frame size = 0 */
 176               	/* stack size = 0 */
 177               	.L__stack_usage = 0
  43:timer0_pwm.c  ****     uint16_t i, j;
  44:timer0_pwm.c  ****     for(i=0; i<ms; i++)
 178               		.stabn	68,0,44,.LM10-.LFBB3
 179               	.LM10:
 180 001a 20E0      		ldi r18,0
 181 001c 30E0      		ldi r19,0
 182               	.L4:
 183               		.stabn	68,0,44,.LM11-.LFBB3
 184               	.LM11:
GAS LISTING /tmp/ccUFDRbx.s 			page 5


 185 001e 2817      		cp r18,r24
 186 0020 3907      		cpc r19,r25
 187 0022 01F0      		breq .L9
 188 0024 40EA      		ldi r20,lo8(-96)
 189 0026 5FE0      		ldi r21,lo8(15)
 190               	.L5:
  45:timer0_pwm.c  ****         for(j=0; j<4000; j++)
  46:timer0_pwm.c  ****             _NOP();
 191               		.stabn	68,0,46,.LM12-.LFBB3
 192               	.LM12:
 193               	/* #APP */
 194               	 ;  46 "timer0_pwm.c" 1
 195 0028 0000      		nop
 196               	 ;  0 "" 2
 197               	/* #NOAPP */
 198 002a 4150      		subi r20,1
 199 002c 5109      		sbc r21,__zero_reg__
  45:timer0_pwm.c  ****         for(j=0; j<4000; j++)
 200               		.stabn	68,0,45,.LM13-.LFBB3
 201               	.LM13:
 202 002e 01F4      		brne .L5
  44:timer0_pwm.c  ****         for(j=0; j<4000; j++)
 203               		.stabn	68,0,44,.LM14-.LFBB3
 204               	.LM14:
 205 0030 2F5F      		subi r18,-1
 206 0032 3F4F      		sbci r19,-1
 207 0034 00C0      		rjmp .L4
 208               	.L9:
 209               	/* epilogue start */
  47:timer0_pwm.c  **** }
 210               		.stabn	68,0,47,.LM15-.LFBB3
 211               	.LM15:
 212 0036 0895      		ret
 213               		.size	delay_ms, .-delay_ms
 214               		.stabs	"i:r(5,4)",64,0,43,18
 215               		.stabn	192,0,0,.LFBB3-.LFBB3
 216               		.stabn	224,0,0,.Lscope3-.LFBB3
 217               	.Lscope3:
 218               		.stabs	"",36,0,0,.Lscope3-.LFBB3
 219               		.stabd	78,0,0
 220               		.section	.text.startup,"ax",@progbits
 221               		.stabs	"main:F(0,1)",36,0,50,main
 222               	.global	main
 223               		.type	main, @function
 224               	main:
 225               		.stabd	46,0,0
  48:timer0_pwm.c  **** 
  49:timer0_pwm.c  **** /* -------------------------------------*/
  50:timer0_pwm.c  **** int main(void)
  51:timer0_pwm.c  **** {
 226               		.stabn	68,0,51,.LM16-.LFBB4
 227               	.LM16:
 228               	.LFBB4:
 229               	/* prologue: function */
 230               	/* frame size = 0 */
 231               	/* stack size = 0 */
 232               	.L__stack_usage = 0
GAS LISTING /tmp/ccUFDRbx.s 			page 6


  52:timer0_pwm.c  ****     setup_timer0();
 233               		.stabn	68,0,52,.LM17-.LFBB4
 234               	.LM17:
 235 0000 0E94 0000 		call setup_timer0
  53:timer0_pwm.c  ****     setup_main();
 236               		.stabn	68,0,53,.LM18-.LFBB4
 237               	.LM18:
 238 0004 0E94 0000 		call setup_main
 239               	.L11:
  54:timer0_pwm.c  **** 
  55:timer0_pwm.c  ****     while(1)
  56:timer0_pwm.c  ****         ;
 240               		.stabn	68,0,56,.LM19-.LFBB4
 241               	.LM19:
 242 0008 00C0      		rjmp .L11
 243               		.size	main, .-main
 244               	.Lscope4:
 245               		.stabs	"",36,0,0,.Lscope4-.LFBB4
 246               		.stabd	78,0,0
 247               		.text
 248               		.stabs	"",100,0,0,.Letext0
 249               	.Letext0:
 250               		.ident	"GCC: (GNU) 4.9.2"
GAS LISTING /tmp/ccUFDRbx.s 			page 7


DEFINED SYMBOLS
                            *ABS*:0000000000000000 timer0_pwm.c
     /tmp/ccUFDRbx.s:2      *ABS*:000000000000003e __SP_H__
     /tmp/ccUFDRbx.s:3      *ABS*:000000000000003d __SP_L__
     /tmp/ccUFDRbx.s:4      *ABS*:000000000000003f __SREG__
     /tmp/ccUFDRbx.s:5      *ABS*:0000000000000000 __tmp_reg__
     /tmp/ccUFDRbx.s:6      *ABS*:0000000000000001 __zero_reg__
     /tmp/ccUFDRbx.s:105    .text:0000000000000000 setup_timer0
     /tmp/ccUFDRbx.s:141    .text:0000000000000014 setup_main
     /tmp/ccUFDRbx.s:169    .text:000000000000001a delay_ms
     /tmp/ccUFDRbx.s:224    .text.startup:0000000000000000 main

NO UNDEFINED SYMBOLS
