GAS LISTING /tmp/ccj7AjEt.s 			page 1


   1               		.file	"int0.c"
   2               	__SP_H__ = 0x3e
   3               	__SP_L__ = 0x3d
   4               	__SREG__ = 0x3f
   5               	__tmp_reg__ = 0
   6               	__zero_reg__ = 1
   7               		.stabs	"/home/rcampello/Desktop/UFPE/6p/RTOs/2aula/int0/",100,0,2,.Ltext0
   8               		.stabs	"int0.c",100,0,2,.Ltext0
   9               		.text
  10               	.Ltext0:
  11               		.stabs	"gcc2_compiled.",60,0,0,0
  12               		.stabs	"int:t(0,1)=r(0,1);-32768;32767;",128,0,0,0
  13               		.stabs	"char:t(0,2)=@s8;r(0,2);0;255;",128,0,0,0
  14               		.stabs	"long int:t(0,3)=@s32;r(0,3);020000000000;017777777777;",128,0,0,0
  15               		.stabs	"unsigned int:t(0,4)=r(0,4);0;0177777;",128,0,0,0
  16               		.stabs	"long unsigned int:t(0,5)=@s32;r(0,5);0;037777777777;",128,0,0,0
  17               		.stabs	"long long int:t(0,6)=@s64;r(0,6);01000000000000000000000;0777777777777777777777;",128,0,0,
  18               		.stabs	"long long unsigned int:t(0,7)=@s64;r(0,7);0;01777777777777777777777;",128,0,0,0
  19               		.stabs	"short int:t(0,8)=r(0,8);-32768;32767;",128,0,0,0
  20               		.stabs	"short unsigned int:t(0,9)=r(0,9);0;0177777;",128,0,0,0
  21               		.stabs	"signed char:t(0,10)=@s8;r(0,10);-128;127;",128,0,0,0
  22               		.stabs	"unsigned char:t(0,11)=@s8;r(0,11);0;255;",128,0,0,0
  23               		.stabs	"float:t(0,12)=r(0,1);4;0;",128,0,0,0
  24               		.stabs	"double:t(0,13)=r(0,1);4;0;",128,0,0,0
  25               		.stabs	"long double:t(0,14)=r(0,1);4;0;",128,0,0,0
  26               		.stabs	"short _Fract:t(0,15)=r(0,1);1;0;",128,0,0,0
  27               		.stabs	"_Fract:t(0,16)=r(0,1);2;0;",128,0,0,0
  28               		.stabs	"long _Fract:t(0,17)=r(0,1);4;0;",128,0,0,0
  29               		.stabs	"long long _Fract:t(0,18)=r(0,1);8;0;",128,0,0,0
  30               		.stabs	"unsigned short _Fract:t(0,19)=r(0,1);1;0;",128,0,0,0
  31               		.stabs	"unsigned _Fract:t(0,20)=r(0,1);2;0;",128,0,0,0
  32               		.stabs	"unsigned long _Fract:t(0,21)=r(0,1);4;0;",128,0,0,0
  33               		.stabs	"unsigned long long _Fract:t(0,22)=r(0,1);8;0;",128,0,0,0
  34               		.stabs	"_Sat short _Fract:t(0,23)=r(0,1);1;0;",128,0,0,0
  35               		.stabs	"_Sat _Fract:t(0,24)=r(0,1);2;0;",128,0,0,0
  36               		.stabs	"_Sat long _Fract:t(0,25)=r(0,1);4;0;",128,0,0,0
  37               		.stabs	"_Sat long long _Fract:t(0,26)=r(0,1);8;0;",128,0,0,0
  38               		.stabs	"_Sat unsigned short _Fract:t(0,27)=r(0,1);1;0;",128,0,0,0
  39               		.stabs	"_Sat unsigned _Fract:t(0,28)=r(0,1);2;0;",128,0,0,0
  40               		.stabs	"_Sat unsigned long _Fract:t(0,29)=r(0,1);4;0;",128,0,0,0
  41               		.stabs	"_Sat unsigned long long _Fract:t(0,30)=r(0,1);8;0;",128,0,0,0
  42               		.stabs	"short _Accum:t(0,31)=r(0,1);2;0;",128,0,0,0
  43               		.stabs	"_Accum:t(0,32)=r(0,1);4;0;",128,0,0,0
  44               		.stabs	"long _Accum:t(0,33)=r(0,1);8;0;",128,0,0,0
  45               		.stabs	"long long _Accum:t(0,34)=r(0,1);8;0;",128,0,0,0
  46               		.stabs	"unsigned short _Accum:t(0,35)=r(0,1);2;0;",128,0,0,0
  47               		.stabs	"unsigned _Accum:t(0,36)=r(0,1);4;0;",128,0,0,0
  48               		.stabs	"unsigned long _Accum:t(0,37)=r(0,1);8;0;",128,0,0,0
  49               		.stabs	"unsigned long long _Accum:t(0,38)=r(0,1);8;0;",128,0,0,0
  50               		.stabs	"_Sat short _Accum:t(0,39)=r(0,1);2;0;",128,0,0,0
  51               		.stabs	"_Sat _Accum:t(0,40)=r(0,1);4;0;",128,0,0,0
  52               		.stabs	"_Sat long _Accum:t(0,41)=r(0,1);8;0;",128,0,0,0
  53               		.stabs	"_Sat long long _Accum:t(0,42)=r(0,1);8;0;",128,0,0,0
  54               		.stabs	"_Sat unsigned short _Accum:t(0,43)=r(0,1);2;0;",128,0,0,0
  55               		.stabs	"_Sat unsigned _Accum:t(0,44)=r(0,1);4;0;",128,0,0,0
  56               		.stabs	"_Sat unsigned long _Accum:t(0,45)=r(0,1);8;0;",128,0,0,0
  57               		.stabs	"_Sat unsigned long long _Accum:t(0,46)=r(0,1);8;0;",128,0,0,0
GAS LISTING /tmp/ccj7AjEt.s 			page 2


  58               		.stabs	"void:t(0,47)=(0,47)",128,0,0,0
  59               		.stabs	"/usr/lib/avr/include/avr/io.h",130,0,0,0
  60               		.stabs	"/usr/lib/avr/include/avr/sfr_defs.h",130,0,0,0
  61               		.stabs	"/usr/lib/avr/include/inttypes.h",130,0,0,0
  62               		.stabs	"/usr/lib/gcc/avr/4.9.2/include/stdint.h",130,0,0,0
  63               		.stabs	"/usr/lib/avr/include/stdint.h",130,0,0,0
  64               		.stabs	"int8_t:t(5,1)=(0,10)",128,0,121,0
  65               		.stabs	"uint8_t:t(5,2)=(0,11)",128,0,122,0
  66               		.stabs	"int16_t:t(5,3)=(0,1)",128,0,123,0
  67               		.stabs	"uint16_t:t(5,4)=(0,4)",128,0,124,0
  68               		.stabs	"int32_t:t(5,5)=(0,3)",128,0,125,0
  69               		.stabs	"uint32_t:t(5,6)=(0,5)",128,0,126,0
  70               		.stabs	"int64_t:t(5,7)=(0,6)",128,0,128,0
  71               		.stabs	"uint64_t:t(5,8)=(0,7)",128,0,129,0
  72               		.stabs	"intptr_t:t(5,9)=(5,3)",128,0,142,0
  73               		.stabs	"uintptr_t:t(5,10)=(5,4)",128,0,147,0
  74               		.stabs	"int_least8_t:t(5,11)=(5,1)",128,0,159,0
  75               		.stabs	"uint_least8_t:t(5,12)=(5,2)",128,0,164,0
  76               		.stabs	"int_least16_t:t(5,13)=(5,3)",128,0,169,0
  77               		.stabs	"uint_least16_t:t(5,14)=(5,4)",128,0,174,0
  78               		.stabs	"int_least32_t:t(5,15)=(5,5)",128,0,179,0
  79               		.stabs	"uint_least32_t:t(5,16)=(5,6)",128,0,184,0
  80               		.stabs	"int_least64_t:t(5,17)=(5,7)",128,0,192,0
  81               		.stabs	"uint_least64_t:t(5,18)=(5,8)",128,0,199,0
  82               		.stabs	"int_fast8_t:t(5,19)=(5,1)",128,0,213,0
  83               		.stabs	"uint_fast8_t:t(5,20)=(5,2)",128,0,218,0
  84               		.stabs	"int_fast16_t:t(5,21)=(5,3)",128,0,223,0
  85               		.stabs	"uint_fast16_t:t(5,22)=(5,4)",128,0,228,0
  86               		.stabs	"int_fast32_t:t(5,23)=(5,5)",128,0,233,0
  87               		.stabs	"uint_fast32_t:t(5,24)=(5,6)",128,0,238,0
  88               		.stabs	"int_fast64_t:t(5,25)=(5,7)",128,0,246,0
  89               		.stabs	"uint_fast64_t:t(5,26)=(5,8)",128,0,253,0
  90               		.stabs	"intmax_t:t(5,27)=(5,7)",128,0,273,0
  91               		.stabs	"uintmax_t:t(5,28)=(5,8)",128,0,278,0
  92               		.stabn	162,0,0,0
  93               		.stabn	162,0,0,0
  94               		.stabs	"int_farptr_t:t(3,1)=(5,5)",128,0,77,0
  95               		.stabs	"uint_farptr_t:t(3,2)=(5,6)",128,0,81,0
  96               		.stabn	162,0,0,0
  97               		.stabn	162,0,0,0
  98               		.stabs	"/usr/lib/avr/include/avr/fuse.h",130,0,0,0
  99               		.stabs	"__fuse_t:t(6,1)=(6,2)=s3low:(0,11),0,8;high:(0,11),8,8;extended:(0,11),16,8;;",128,0,244,0
 100               		.stabn	162,0,0,0
 101               		.stabn	162,0,0,0
 102               		.stabs	"setup_int0:F(0,47)",36,0,7,setup_int0
 103               	.global	setup_int0
 104               		.type	setup_int0, @function
 105               	setup_int0:
 106               		.stabd	46,0,0
   1:int0.c        **** #include <avr/io.h>
   2:int0.c        **** #include <avr/cpufunc.h>
   3:int0.c        **** #include <avr/interrupt.h>
   4:int0.c        **** 
   5:int0.c        **** 
   6:int0.c        **** /* -------------------------------------*/
   7:int0.c        **** void setup_int0(void)
   8:int0.c        **** {
GAS LISTING /tmp/ccj7AjEt.s 			page 3


 107               		.stabn	68,0,8,.LM0-.LFBB1
 108               	.LM0:
 109               	.LFBB1:
 110               	/* prologue: function */
 111               	/* frame size = 0 */
 112               	/* stack size = 0 */
 113               	.L__stack_usage = 0
   9:int0.c        ****     /*
  10:int0.c        ****      * Para as macros abaixo e outras, veja o arquivo
  11:int0.c        ****      * usr/lib/avr/include/avr/iom328p.h
  12:int0.c        ****      */
  13:int0.c        ****     EICRA = (1<< ISC00);
 114               		.stabn	68,0,13,.LM1-.LFBB1
 115               	.LM1:
 116 0000 81E0      		ldi r24,lo8(1)
 117 0002 8093 6900 		sts 105,r24
  14:int0.c        ****     EIMSK |= (1 << INT0);
 118               		.stabn	68,0,14,.LM2-.LFBB1
 119               	.LM2:
 120 0006 E89A      		sbi 0x1d,0
  15:int0.c        ****     EIFR  = (1 << INTF0);
 121               		.stabn	68,0,15,.LM3-.LFBB1
 122               	.LM3:
 123 0008 8CBB      		out 0x1c,r24
 124 000a 0895      		ret
 125               		.size	setup_int0, .-setup_int0
 126               	.Lscope1:
 127               		.stabs	"",36,0,0,.Lscope1-.LFBB1
 128               		.stabd	78,0,0
 129               		.stabs	"setup_main:F(0,47)",36,0,19,setup_main
 130               	.global	setup_main
 131               		.type	setup_main, @function
 132               	setup_main:
 133               		.stabd	46,0,0
  16:int0.c        **** }
  17:int0.c        **** 
  18:int0.c        **** /* -------------------------------------*/
  19:int0.c        **** void setup_main(void)
  20:int0.c        **** {
 134               		.stabn	68,0,20,.LM4-.LFBB2
 135               	.LM4:
 136               	.LFBB2:
 137               	/* prologue: function */
 138               	/* frame size = 0 */
 139               	/* stack size = 0 */
 140               	.L__stack_usage = 0
  21:int0.c        ****     LED_DDR |= (1 << LED_PINNBR);
 141               		.stabn	68,0,21,.LM5-.LFBB2
 142               	.LM5:
 143 000c 259A      		sbi 0x4,5
  22:int0.c        ****     DDRD &= ~(1 << PD2);
 144               		.stabn	68,0,22,.LM6-.LFBB2
 145               	.LM6:
 146 000e 5298      		cbi 0xa,2
  23:int0.c        ****     PORTD |= (1 << PD2);
 147               		.stabn	68,0,23,.LM7-.LFBB2
 148               	.LM7:
GAS LISTING /tmp/ccj7AjEt.s 			page 4


 149 0010 5A9A      		sbi 0xb,2
  24:int0.c        ****     sei(); /* Seta flag principal de habilitação de interrupções */
 150               		.stabn	68,0,24,.LM8-.LFBB2
 151               	.LM8:
 152               	/* #APP */
 153               	 ;  24 "int0.c" 1
 154 0012 7894      		sei
 155               	 ;  0 "" 2
 156               	/* #NOAPP */
 157 0014 0895      		ret
 158               		.size	setup_main, .-setup_main
 159               	.Lscope2:
 160               		.stabs	"",36,0,0,.Lscope2-.LFBB2
 161               		.stabd	78,0,0
 162               		.stabs	"__vector_1:F(0,47)",36,0,34,__vector_1
 163               	.global	__vector_1
 164               		.type	__vector_1, @function
 165               	__vector_1:
 166               		.stabd	46,0,0
  25:int0.c        **** }
  26:int0.c        **** 
  27:int0.c        **** /* -------------------------------------*/
  28:int0.c        **** /*
  29:int0.c        ****  * Interrupt handlers devem ser definidos com a macros
  30:int0.c        ****  * ISR(), que é definida no arquivo avr/interrupt.h.
  31:int0.c        ****  * Veja também a página
  32:int0.c        ****  * http://www.nongnu.org/avr-libc/user-manual/group__avr__interrupts.html
  33:int0.c        ****  */
  34:int0.c        **** ISR(INT0_vect)
  35:int0.c        **** {
 167               		.stabn	68,0,35,.LM9-.LFBB3
 168               	.LM9:
 169               	.LFBB3:
 170 0016 1F92      		push r1
 171 0018 0F92      		push r0
 172 001a 0FB6      		in r0,__SREG__
 173 001c 0F92      		push r0
 174 001e 1124      		clr __zero_reg__
 175               	/* prologue: Signal */
 176               	/* frame size = 0 */
 177               	/* stack size = 3 */
 178               	.L__stack_usage = 3
  36:int0.c        ****     LED_PIN |= (1 << LED_PINNBR);
 179               		.stabn	68,0,36,.LM10-.LFBB3
 180               	.LM10:
 181 0020 1D9A      		sbi 0x3,5
 182               	/* epilogue start */
  37:int0.c        **** }
 183               		.stabn	68,0,37,.LM11-.LFBB3
 184               	.LM11:
 185 0022 0F90      		pop r0
 186 0024 0FBE      		out __SREG__,r0
 187 0026 0F90      		pop r0
 188 0028 1F90      		pop r1
 189 002a 1895      		reti
 190               		.size	__vector_1, .-__vector_1
 191               	.Lscope3:
GAS LISTING /tmp/ccj7AjEt.s 			page 5


 192               		.stabs	"",36,0,0,.Lscope3-.LFBB3
 193               		.stabd	78,0,0
 194               		.section	.text.startup,"ax",@progbits
 195               		.stabs	"main:F(0,1)",36,0,40,main
 196               	.global	main
 197               		.type	main, @function
 198               	main:
 199               		.stabd	46,0,0
  38:int0.c        **** 
  39:int0.c        **** /* -------------------------------------*/
  40:int0.c        **** int main(void)
  41:int0.c        **** {
 200               		.stabn	68,0,41,.LM12-.LFBB4
 201               	.LM12:
 202               	.LFBB4:
 203               	/* prologue: function */
 204               	/* frame size = 0 */
 205               	/* stack size = 0 */
 206               	.L__stack_usage = 0
  42:int0.c        ****     setup_int0();
 207               		.stabn	68,0,42,.LM13-.LFBB4
 208               	.LM13:
 209 0000 0E94 0000 		call setup_int0
  43:int0.c        ****     setup_main();
 210               		.stabn	68,0,43,.LM14-.LFBB4
 211               	.LM14:
 212 0004 0E94 0000 		call setup_main
  44:int0.c        **** 
  45:int0.c        ****     PORTB |= (1<<PB5);
 213               		.stabn	68,0,45,.LM15-.LFBB4
 214               	.LM15:
 215 0008 2D9A      		sbi 0x5,5
 216               	.L5:
  46:int0.c        **** 
  47:int0.c        ****     while(1)
  48:int0.c        ****         ;
 217               		.stabn	68,0,48,.LM16-.LFBB4
 218               	.LM16:
 219 000a 00C0      		rjmp .L5
 220               		.size	main, .-main
 221               	.Lscope4:
 222               		.stabs	"",36,0,0,.Lscope4-.LFBB4
 223               		.stabd	78,0,0
 224               		.text
 225               		.stabs	"",100,0,0,.Letext0
 226               	.Letext0:
 227               		.ident	"GCC: (GNU) 4.9.2"
GAS LISTING /tmp/ccj7AjEt.s 			page 6


DEFINED SYMBOLS
                            *ABS*:0000000000000000 int0.c
     /tmp/ccj7AjEt.s:2      *ABS*:000000000000003e __SP_H__
     /tmp/ccj7AjEt.s:3      *ABS*:000000000000003d __SP_L__
     /tmp/ccj7AjEt.s:4      *ABS*:000000000000003f __SREG__
     /tmp/ccj7AjEt.s:5      *ABS*:0000000000000000 __tmp_reg__
     /tmp/ccj7AjEt.s:6      *ABS*:0000000000000001 __zero_reg__
     /tmp/ccj7AjEt.s:105    .text:0000000000000000 setup_int0
     /tmp/ccj7AjEt.s:132    .text:000000000000000c setup_main
     /tmp/ccj7AjEt.s:165    .text:0000000000000016 __vector_1
     /tmp/ccj7AjEt.s:198    .text.startup:0000000000000000 main

NO UNDEFINED SYMBOLS
