GAS LISTING /tmp/cctyiHZM.s 			page 1


   1               		.file	"timer0_timer.c"
   2               	__SP_H__ = 0x3e
   3               	__SP_L__ = 0x3d
   4               	__SREG__ = 0x3f
   5               	__tmp_reg__ = 0
   6               	__zero_reg__ = 1
   7               		.stabs	"/home/rcampello/Desktop/UFPE/6p/RTOs/7aula/",100,0,2,.Ltext0
   8               		.stabs	"timer0_timer.c",100,0,2,.Ltext0
   9               		.text
  10               	.Ltext0:
  11               		.stabs	"gcc2_compiled.",60,0,0,0
  12               		.stabs	"int:t(0,1)=r(0,1);-32768;32767;",128,0,0,0
  13               		.stabs	"char:t(0,2)=@s8;r(0,2);0;255;",128,0,0,0
  14               		.stabs	"long int:t(0,3)=@s32;r(0,3);020000000000;017777777777;",128,0,0,0
  15               		.stabs	"unsigned int:t(0,4)=r(0,4);0;0177777;",128,0,0,0
  16               		.stabs	"long unsigned int:t(0,5)=@s32;r(0,5);0;037777777777;",128,0,0,0
  17               		.stabs	"long long int:t(0,6)=@s64;r(0,6);01000000000000000000000;0777777777777777777777;",128,0,0,
  18               		.stabs	"long long unsigned int:t(0,7)=@s64;r(0,7);0;01777777777777777777777;",128,0,0,0
  19               		.stabs	"short int:t(0,8)=r(0,8);-32768;32767;",128,0,0,0
  20               		.stabs	"short unsigned int:t(0,9)=r(0,9);0;0177777;",128,0,0,0
  21               		.stabs	"signed char:t(0,10)=@s8;r(0,10);-128;127;",128,0,0,0
  22               		.stabs	"unsigned char:t(0,11)=@s8;r(0,11);0;255;",128,0,0,0
  23               		.stabs	"float:t(0,12)=r(0,1);4;0;",128,0,0,0
  24               		.stabs	"double:t(0,13)=r(0,1);4;0;",128,0,0,0
  25               		.stabs	"long double:t(0,14)=r(0,1);4;0;",128,0,0,0
  26               		.stabs	"short _Fract:t(0,15)=r(0,1);1;0;",128,0,0,0
  27               		.stabs	"_Fract:t(0,16)=r(0,1);2;0;",128,0,0,0
  28               		.stabs	"long _Fract:t(0,17)=r(0,1);4;0;",128,0,0,0
  29               		.stabs	"long long _Fract:t(0,18)=r(0,1);8;0;",128,0,0,0
  30               		.stabs	"unsigned short _Fract:t(0,19)=r(0,1);1;0;",128,0,0,0
  31               		.stabs	"unsigned _Fract:t(0,20)=r(0,1);2;0;",128,0,0,0
  32               		.stabs	"unsigned long _Fract:t(0,21)=r(0,1);4;0;",128,0,0,0
  33               		.stabs	"unsigned long long _Fract:t(0,22)=r(0,1);8;0;",128,0,0,0
  34               		.stabs	"_Sat short _Fract:t(0,23)=r(0,1);1;0;",128,0,0,0
  35               		.stabs	"_Sat _Fract:t(0,24)=r(0,1);2;0;",128,0,0,0
  36               		.stabs	"_Sat long _Fract:t(0,25)=r(0,1);4;0;",128,0,0,0
  37               		.stabs	"_Sat long long _Fract:t(0,26)=r(0,1);8;0;",128,0,0,0
  38               		.stabs	"_Sat unsigned short _Fract:t(0,27)=r(0,1);1;0;",128,0,0,0
  39               		.stabs	"_Sat unsigned _Fract:t(0,28)=r(0,1);2;0;",128,0,0,0
  40               		.stabs	"_Sat unsigned long _Fract:t(0,29)=r(0,1);4;0;",128,0,0,0
  41               		.stabs	"_Sat unsigned long long _Fract:t(0,30)=r(0,1);8;0;",128,0,0,0
  42               		.stabs	"short _Accum:t(0,31)=r(0,1);2;0;",128,0,0,0
  43               		.stabs	"_Accum:t(0,32)=r(0,1);4;0;",128,0,0,0
  44               		.stabs	"long _Accum:t(0,33)=r(0,1);8;0;",128,0,0,0
  45               		.stabs	"long long _Accum:t(0,34)=r(0,1);8;0;",128,0,0,0
  46               		.stabs	"unsigned short _Accum:t(0,35)=r(0,1);2;0;",128,0,0,0
  47               		.stabs	"unsigned _Accum:t(0,36)=r(0,1);4;0;",128,0,0,0
  48               		.stabs	"unsigned long _Accum:t(0,37)=r(0,1);8;0;",128,0,0,0
  49               		.stabs	"unsigned long long _Accum:t(0,38)=r(0,1);8;0;",128,0,0,0
  50               		.stabs	"_Sat short _Accum:t(0,39)=r(0,1);2;0;",128,0,0,0
  51               		.stabs	"_Sat _Accum:t(0,40)=r(0,1);4;0;",128,0,0,0
  52               		.stabs	"_Sat long _Accum:t(0,41)=r(0,1);8;0;",128,0,0,0
  53               		.stabs	"_Sat long long _Accum:t(0,42)=r(0,1);8;0;",128,0,0,0
  54               		.stabs	"_Sat unsigned short _Accum:t(0,43)=r(0,1);2;0;",128,0,0,0
  55               		.stabs	"_Sat unsigned _Accum:t(0,44)=r(0,1);4;0;",128,0,0,0
  56               		.stabs	"_Sat unsigned long _Accum:t(0,45)=r(0,1);8;0;",128,0,0,0
  57               		.stabs	"_Sat unsigned long long _Accum:t(0,46)=r(0,1);8;0;",128,0,0,0
GAS LISTING /tmp/cctyiHZM.s 			page 2


  58               		.stabs	"void:t(0,47)=(0,47)",128,0,0,0
  59               		.stabs	"/usr/lib/avr/include/avr/io.h",130,0,0,0
  60               		.stabs	"/usr/lib/avr/include/avr/sfr_defs.h",130,0,0,0
  61               		.stabs	"/usr/lib/avr/include/inttypes.h",130,0,0,0
  62               		.stabs	"/usr/lib/gcc/avr/4.9.2/include/stdint.h",130,0,0,0
  63               		.stabs	"/usr/lib/avr/include/stdint.h",130,0,0,0
  64               		.stabs	"int8_t:t(5,1)=(0,10)",128,0,121,0
  65               		.stabs	"uint8_t:t(5,2)=(0,11)",128,0,122,0
  66               		.stabs	"int16_t:t(5,3)=(0,1)",128,0,123,0
  67               		.stabs	"uint16_t:t(5,4)=(0,4)",128,0,124,0
  68               		.stabs	"int32_t:t(5,5)=(0,3)",128,0,125,0
  69               		.stabs	"uint32_t:t(5,6)=(0,5)",128,0,126,0
  70               		.stabs	"int64_t:t(5,7)=(0,6)",128,0,128,0
  71               		.stabs	"uint64_t:t(5,8)=(0,7)",128,0,129,0
  72               		.stabs	"intptr_t:t(5,9)=(5,3)",128,0,142,0
  73               		.stabs	"uintptr_t:t(5,10)=(5,4)",128,0,147,0
  74               		.stabs	"int_least8_t:t(5,11)=(5,1)",128,0,159,0
  75               		.stabs	"uint_least8_t:t(5,12)=(5,2)",128,0,164,0
  76               		.stabs	"int_least16_t:t(5,13)=(5,3)",128,0,169,0
  77               		.stabs	"uint_least16_t:t(5,14)=(5,4)",128,0,174,0
  78               		.stabs	"int_least32_t:t(5,15)=(5,5)",128,0,179,0
  79               		.stabs	"uint_least32_t:t(5,16)=(5,6)",128,0,184,0
  80               		.stabs	"int_least64_t:t(5,17)=(5,7)",128,0,192,0
  81               		.stabs	"uint_least64_t:t(5,18)=(5,8)",128,0,199,0
  82               		.stabs	"int_fast8_t:t(5,19)=(5,1)",128,0,213,0
  83               		.stabs	"uint_fast8_t:t(5,20)=(5,2)",128,0,218,0
  84               		.stabs	"int_fast16_t:t(5,21)=(5,3)",128,0,223,0
  85               		.stabs	"uint_fast16_t:t(5,22)=(5,4)",128,0,228,0
  86               		.stabs	"int_fast32_t:t(5,23)=(5,5)",128,0,233,0
  87               		.stabs	"uint_fast32_t:t(5,24)=(5,6)",128,0,238,0
  88               		.stabs	"int_fast64_t:t(5,25)=(5,7)",128,0,246,0
  89               		.stabs	"uint_fast64_t:t(5,26)=(5,8)",128,0,253,0
  90               		.stabs	"intmax_t:t(5,27)=(5,7)",128,0,273,0
  91               		.stabs	"uintmax_t:t(5,28)=(5,8)",128,0,278,0
  92               		.stabn	162,0,0,0
  93               		.stabn	162,0,0,0
  94               		.stabs	"int_farptr_t:t(3,1)=(5,5)",128,0,77,0
  95               		.stabs	"uint_farptr_t:t(3,2)=(5,6)",128,0,81,0
  96               		.stabn	162,0,0,0
  97               		.stabn	162,0,0,0
  98               		.stabs	"/usr/lib/avr/include/avr/fuse.h",130,0,0,0
  99               		.stabs	"__fuse_t:t(6,1)=(6,2)=s3low:(0,11),0,8;high:(0,11),8,8;extended:(0,11),16,8;;",128,0,244,0
 100               		.stabn	162,0,0,0
 101               		.stabn	162,0,0,0
 102               		.stabs	"setup_timer0:F(0,47)",36,0,14,setup_timer0
 103               	.global	setup_timer0
 104               		.type	setup_timer0, @function
 105               	setup_timer0:
 106               		.stabd	46,0,0
   1:timer0_timer.c **** #include <avr/io.h>
   2:timer0_timer.c **** #include <avr/cpufunc.h>
   3:timer0_timer.c **** #include <avr/interrupt.h>
   4:timer0_timer.c **** 
   5:timer0_timer.c **** 
   6:timer0_timer.c **** /* 
   7:timer0_timer.c ****  * Constantes utilizadas no código 
   8:timer0_timer.c ****  */
GAS LISTING /tmp/cctyiHZM.s 			page 3


   9:timer0_timer.c **** 
  10:timer0_timer.c **** 
  11:timer0_timer.c **** /* 
  12:timer0_timer.c ****  * Definição de funções 
  13:timer0_timer.c ****  */
  14:timer0_timer.c **** void setup_timer0(void)
  15:timer0_timer.c **** {
 107               		.stabn	68,0,15,.LM0-.LFBB1
 108               	.LM0:
 109               	.LFBB1:
 110               	/* prologue: function */
 111               	/* frame size = 0 */
 112               	/* stack size = 0 */
 113               	.L__stack_usage = 0
  16:timer0_timer.c ****     /*
  17:timer0_timer.c ****      * Para as macros abaixo e outras, veja o arquivo
  18:timer0_timer.c ****      * /usr/lib/avr/include/avr/iom328p.h
  19:timer0_timer.c ****      */
  20:timer0_timer.c ****     OCR0A  = 250;
 114               		.stabn	68,0,20,.LM1-.LFBB1
 115               	.LM1:
 116 0000 8AEF      		ldi r24,lo8(-6)
 117 0002 87BD      		out 0x27,r24
  21:timer0_timer.c ****     TCCR0A = (1 << WGM01);
 118               		.stabn	68,0,21,.LM2-.LFBB1
 119               	.LM2:
 120 0004 82E0      		ldi r24,lo8(2)
 121 0006 84BD      		out 0x24,r24
  22:timer0_timer.c ****     TCCR0B = (1 << CS01) | (1 << CS00);
 122               		.stabn	68,0,22,.LM3-.LFBB1
 123               	.LM3:
 124 0008 93E0      		ldi r25,lo8(3)
 125 000a 95BD      		out 0x25,r25
  23:timer0_timer.c ****     TIMSK0 = (1 << OCIE0A);
 126               		.stabn	68,0,23,.LM4-.LFBB1
 127               	.LM4:
 128 000c 8093 6E00 		sts 110,r24
  24:timer0_timer.c ****     sei();
 129               		.stabn	68,0,24,.LM5-.LFBB1
 130               	.LM5:
 131               	/* #APP */
 132               	 ;  24 "timer0_timer.c" 1
 133 0010 7894      		sei
 134               	 ;  0 "" 2
 135               	/* #NOAPP */
 136 0012 0895      		ret
 137               		.size	setup_timer0, .-setup_timer0
 138               	.Lscope1:
 139               		.stabs	"",36,0,0,.Lscope1-.LFBB1
 140               		.stabd	78,0,0
 141               		.stabs	"setup_main:F(0,47)",36,0,28,setup_main
 142               	.global	setup_main
 143               		.type	setup_main, @function
 144               	setup_main:
 145               		.stabd	46,0,0
  25:timer0_timer.c **** }
  26:timer0_timer.c **** 
GAS LISTING /tmp/cctyiHZM.s 			page 4


  27:timer0_timer.c **** /* -------------------------------------*/
  28:timer0_timer.c **** void setup_main(void)
  29:timer0_timer.c **** {
 146               		.stabn	68,0,29,.LM6-.LFBB2
 147               	.LM6:
 148               	.LFBB2:
 149               	/* prologue: function */
 150               	/* frame size = 0 */
 151               	/* stack size = 0 */
 152               	.L__stack_usage = 0
  30:timer0_timer.c ****     LED_DDR |= (1 << LED_PINNBR);
 153               		.stabn	68,0,30,.LM7-.LFBB2
 154               	.LM7:
 155 0014 259A      		sbi 0x4,5
  31:timer0_timer.c ****     LED_PORT |= (1 << LED_PINNBR);
 156               		.stabn	68,0,31,.LM8-.LFBB2
 157               	.LM8:
 158 0016 2D9A      		sbi 0x5,5
  32:timer0_timer.c ****     sei(); /* Seta flag principal de habilitação de interrupções */
 159               		.stabn	68,0,32,.LM9-.LFBB2
 160               	.LM9:
 161               	/* #APP */
 162               	 ;  32 "timer0_timer.c" 1
 163 0018 7894      		sei
 164               	 ;  0 "" 2
 165               	/* #NOAPP */
 166 001a 0895      		ret
 167               		.size	setup_main, .-setup_main
 168               	.Lscope2:
 169               		.stabs	"",36,0,0,.Lscope2-.LFBB2
 170               		.stabd	78,0,0
 171               		.stabs	"__vector_14:F(0,47)",36,0,46,__vector_14
 172               	.global	__vector_14
 173               		.type	__vector_14, @function
 174               	__vector_14:
 175               		.stabd	46,0,0
  33:timer0_timer.c **** }
  34:timer0_timer.c **** 
  35:timer0_timer.c **** /* -------------------------------------*/
  36:timer0_timer.c **** /*
  37:timer0_timer.c ****  * Interrupt handlers devem ser definidos com a macros
  38:timer0_timer.c ****  * ISR(), que é definida no arquivo avr/interrupt.h.
  39:timer0_timer.c ****  * Veja também a página
  40:timer0_timer.c ****  * http://www.nongnu.org/avr-libc/user-manual/group__avr__interrupts.html
  41:timer0_timer.c ****  */
  42:timer0_timer.c **** volatile uint16_t ms;
  43:timer0_timer.c **** volatile uint16_t ms_set;
  44:timer0_timer.c **** volatile uint8_t ring_flag;
  45:timer0_timer.c **** 
  46:timer0_timer.c **** ISR(TIMER0_COMPA_vect)
  47:timer0_timer.c **** {
 176               		.stabn	68,0,47,.LM10-.LFBB3
 177               	.LM10:
 178               	.LFBB3:
 179 001c 1F92      		push r1
 180 001e 0F92      		push r0
 181 0020 0FB6      		in r0,__SREG__
GAS LISTING /tmp/cctyiHZM.s 			page 5


 182 0022 0F92      		push r0
 183 0024 1124      		clr __zero_reg__
 184 0026 8F93      		push r24
 185 0028 9F93      		push r25
 186               	/* prologue: Signal */
 187               	/* frame size = 0 */
 188               	/* stack size = 5 */
 189               	.L__stack_usage = 5
  48:timer0_timer.c ****     if (ms)
 190               		.stabn	68,0,48,.LM11-.LFBB3
 191               	.LM11:
 192 002a 8091 0000 		lds r24,ms
 193 002e 9091 0000 		lds r25,ms+1
 194 0032 892B      		or r24,r25
 195 0034 01F0      		breq .L3
  49:timer0_timer.c ****         if(!--ms) {
 196               		.stabn	68,0,49,.LM12-.LFBB3
 197               	.LM12:
 198 0036 8091 0000 		lds r24,ms
 199 003a 9091 0000 		lds r25,ms+1
 200 003e 0197      		sbiw r24,1
 201 0040 9093 0000 		sts ms+1,r25
 202 0044 8093 0000 		sts ms,r24
 203 0048 892B      		or r24,r25
 204 004a 01F4      		brne .L3
  50:timer0_timer.c ****             ms = ms_set;
 205               		.stabn	68,0,50,.LM13-.LFBB3
 206               	.LM13:
 207 004c 8091 0000 		lds r24,ms_set
 208 0050 9091 0000 		lds r25,ms_set+1
 209 0054 9093 0000 		sts ms+1,r25
 210 0058 8093 0000 		sts ms,r24
  51:timer0_timer.c ****             ring_flag = 1;
 211               		.stabn	68,0,51,.LM14-.LFBB3
 212               	.LM14:
 213 005c 81E0      		ldi r24,lo8(1)
 214 005e 8093 0000 		sts ring_flag,r24
 215               	.L3:
 216               	/* epilogue start */
  52:timer0_timer.c ****         }
  53:timer0_timer.c **** }
 217               		.stabn	68,0,53,.LM15-.LFBB3
 218               	.LM15:
 219 0062 9F91      		pop r25
 220 0064 8F91      		pop r24
 221 0066 0F90      		pop r0
 222 0068 0FBE      		out __SREG__,r0
 223 006a 0F90      		pop r0
 224 006c 1F90      		pop r1
 225 006e 1895      		reti
 226               		.size	__vector_14, .-__vector_14
 227               	.Lscope3:
 228               		.stabs	"",36,0,0,.Lscope3-.LFBB3
 229               		.stabd	78,0,0
 230               		.section	.text.startup,"ax",@progbits
 231               		.stabs	"main:F(0,1)",36,0,56,main
 232               	.global	main
GAS LISTING /tmp/cctyiHZM.s 			page 6


 233               		.type	main, @function
 234               	main:
 235               		.stabd	46,0,0
  54:timer0_timer.c **** 
  55:timer0_timer.c **** /* -------------------------------------*/
  56:timer0_timer.c **** int main(void)
  57:timer0_timer.c **** {
 236               		.stabn	68,0,57,.LM16-.LFBB4
 237               	.LM16:
 238               	.LFBB4:
 239               	/* prologue: function */
 240               	/* frame size = 0 */
 241               	/* stack size = 0 */
 242               	.L__stack_usage = 0
  58:timer0_timer.c ****     int8_t step = 25;
  59:timer0_timer.c ****     const uint16_t max_delay = 500, min_delay = 100;
  60:timer0_timer.c **** 
  61:timer0_timer.c ****     ms_set = 100;
 243               		.stabn	68,0,61,.LM17-.LFBB4
 244               	.LM17:
 245 0000 84E6      		ldi r24,lo8(100)
 246 0002 90E0      		ldi r25,0
 247 0004 9093 0000 		sts ms_set+1,r25
 248 0008 8093 0000 		sts ms_set,r24
  62:timer0_timer.c ****     ms = ms_set;
 249               		.stabn	68,0,62,.LM18-.LFBB4
 250               	.LM18:
 251 000c 8091 0000 		lds r24,ms_set
 252 0010 9091 0000 		lds r25,ms_set+1
 253 0014 9093 0000 		sts ms+1,r25
 254 0018 8093 0000 		sts ms,r24
  63:timer0_timer.c **** 
  64:timer0_timer.c ****     setup_timer0();
 255               		.stabn	68,0,64,.LM19-.LFBB4
 256               	.LM19:
 257 001c 0E94 0000 		call setup_timer0
  65:timer0_timer.c ****     setup_main();
 258               		.stabn	68,0,65,.LM20-.LFBB4
 259               	.LM20:
 260 0020 0E94 0000 		call setup_main
  58:timer0_timer.c ****     const uint16_t max_delay = 500, min_delay = 100;
 261               		.stabn	68,0,58,.LM21-.LFBB4
 262               	.LM21:
 263 0024 89E1      		ldi r24,lo8(25)
  66:timer0_timer.c ****     
  67:timer0_timer.c ****     while(1) {
  68:timer0_timer.c ****         while (!ring_flag)
  69:timer0_timer.c ****             ;
  70:timer0_timer.c ****         cli();
  71:timer0_timer.c ****         ring_flag = 0;
  72:timer0_timer.c ****         ms_set += step;
  73:timer0_timer.c ****         if ((ms_set > max_delay) || (ms_set < min_delay)) {
  74:timer0_timer.c ****             step = -step;
  75:timer0_timer.c ****             ms_set += 2*step;
  76:timer0_timer.c ****         }
  77:timer0_timer.c ****         sei();
  78:timer0_timer.c ****         LED_PIN = 1 << LED_PINNBR;
GAS LISTING /tmp/cctyiHZM.s 			page 7


 264               		.stabn	68,0,78,.LM22-.LFBB4
 265               	.LM22:
 266 0026 90E2      		ldi r25,lo8(32)
 267               	.L9:
  68:timer0_timer.c ****             ;
 268               		.stabn	68,0,68,.LM23-.LFBB4
 269               	.LM23:
 270 0028 2091 0000 		lds r18,ring_flag
 271 002c 2223      		tst r18
 272 002e 01F0      		breq .L9
  70:timer0_timer.c ****         ring_flag = 0;
 273               		.stabn	68,0,70,.LM24-.LFBB4
 274               	.LM24:
 275               	/* #APP */
 276               	 ;  70 "timer0_timer.c" 1
 277 0030 F894      		cli
 278               	 ;  0 "" 2
  71:timer0_timer.c ****         ms_set += step;
 279               		.stabn	68,0,71,.LM25-.LFBB4
 280               	.LM25:
 281               	/* #NOAPP */
 282 0032 1092 0000 		sts ring_flag,__zero_reg__
  72:timer0_timer.c ****         if ((ms_set > max_delay) || (ms_set < min_delay)) {
 283               		.stabn	68,0,72,.LM26-.LFBB4
 284               	.LM26:
 285 0036 2091 0000 		lds r18,ms_set
 286 003a 3091 0000 		lds r19,ms_set+1
 287 003e 280F      		add r18,r24
 288 0040 311D      		adc r19,__zero_reg__
 289 0042 87FD      		sbrc r24,7
 290 0044 3A95      		dec r19
 291 0046 3093 0000 		sts ms_set+1,r19
 292 004a 2093 0000 		sts ms_set,r18
  73:timer0_timer.c ****             step = -step;
 293               		.stabn	68,0,73,.LM27-.LFBB4
 294               	.LM27:
 295 004e 2091 0000 		lds r18,ms_set
 296 0052 3091 0000 		lds r19,ms_set+1
 297 0056 253F      		cpi r18,-11
 298 0058 3140      		sbci r19,1
 299 005a 00F4      		brsh .L10
  73:timer0_timer.c ****             step = -step;
 300               		.stabn	68,0,73,.LM28-.LFBB4
 301               	.LM28:
 302 005c 2091 0000 		lds r18,ms_set
 303 0060 3091 0000 		lds r19,ms_set+1
 304 0064 2436      		cpi r18,100
 305 0066 3105      		cpc r19,__zero_reg__
 306 0068 00F4      		brsh .L11
 307               	.L10:
  74:timer0_timer.c ****             ms_set += 2*step;
 308               		.stabn	68,0,74,.LM29-.LFBB4
 309               	.LM29:
 310 006a 8195      		neg r24
  75:timer0_timer.c ****         }
 311               		.stabn	68,0,75,.LM30-.LFBB4
 312               	.LM30:
GAS LISTING /tmp/cctyiHZM.s 			page 8


 313 006c 2091 0000 		lds r18,ms_set
 314 0070 3091 0000 		lds r19,ms_set+1
 315 0074 482F      		mov r20,r24
 316 0076 440F      		lsl r20
 317 0078 550B      		sbc r21,r21
 318 007a 240F      		add r18,r20
 319 007c 351F      		adc r19,r21
 320 007e 3093 0000 		sts ms_set+1,r19
 321 0082 2093 0000 		sts ms_set,r18
 322               	.L11:
  77:timer0_timer.c ****         LED_PIN = 1 << LED_PINNBR;
 323               		.stabn	68,0,77,.LM31-.LFBB4
 324               	.LM31:
 325               	/* #APP */
 326               	 ;  77 "timer0_timer.c" 1
 327 0086 7894      		sei
 328               	 ;  0 "" 2
 329               		.stabn	68,0,78,.LM32-.LFBB4
 330               	.LM32:
 331               	/* #NOAPP */
 332 0088 93B9      		out 0x3,r25
  79:timer0_timer.c ****     }
 333               		.stabn	68,0,79,.LM33-.LFBB4
 334               	.LM33:
 335 008a 00C0      		rjmp .L9
 336               		.size	main, .-main
 337               		.stabs	"step:r(5,1)",64,0,58,24
 338               		.stabn	192,0,0,.LFBB4-.LFBB4
 339               		.stabn	224,0,0,.Lscope4-.LFBB4
 340               	.Lscope4:
 341               		.stabs	"",36,0,0,.Lscope4-.LFBB4
 342               		.stabd	78,0,0
 343               		.comm	ring_flag,1,1
 344               		.comm	ms_set,2,1
 345               		.comm	ms,2,1
 346               		.stabs	"ms:G(0,48)=B(5,4)",32,0,42,0
 347               		.stabs	"ms_set:G(0,48)",32,0,43,0
 348               		.stabs	"ring_flag:G(0,49)=B(5,2)",32,0,44,0
 349               		.text
 350               		.stabs	"",100,0,0,.Letext0
 351               	.Letext0:
 352               		.ident	"GCC: (GNU) 4.9.2"
 353               	.global __do_clear_bss
GAS LISTING /tmp/cctyiHZM.s 			page 9


DEFINED SYMBOLS
                            *ABS*:0000000000000000 timer0_timer.c
     /tmp/cctyiHZM.s:2      *ABS*:000000000000003e __SP_H__
     /tmp/cctyiHZM.s:3      *ABS*:000000000000003d __SP_L__
     /tmp/cctyiHZM.s:4      *ABS*:000000000000003f __SREG__
     /tmp/cctyiHZM.s:5      *ABS*:0000000000000000 __tmp_reg__
     /tmp/cctyiHZM.s:6      *ABS*:0000000000000001 __zero_reg__
     /tmp/cctyiHZM.s:105    .text:0000000000000000 setup_timer0
     /tmp/cctyiHZM.s:144    .text:0000000000000014 setup_main
     /tmp/cctyiHZM.s:174    .text:000000000000001c __vector_14
                            *COM*:0000000000000002 ms
                            *COM*:0000000000000002 ms_set
                            *COM*:0000000000000001 ring_flag
     /tmp/cctyiHZM.s:234    .text.startup:0000000000000000 main

UNDEFINED SYMBOLS
__do_clear_bss
