GAS LISTING /tmp/cciu9wZv.s 			page 1


   1               		.file	"blinky3.c"
   2               	__SP_H__ = 0x3e
   3               	__SP_L__ = 0x3d
   4               	__SREG__ = 0x3f
   5               	__tmp_reg__ = 0
   6               	__zero_reg__ = 1
   7               		.stabs	"/home/rcampello/Desktop/UFPE/6p/RTOs/treinos/7de19(m\303\241quinas_de_estados)/Professor/"
   8               		.stabs	"blinky3.c",100,0,2,.Ltext0
   9               		.text
  10               	.Ltext0:
  11               		.stabs	"gcc2_compiled.",60,0,0,0
  12               		.stabs	"int:t(0,1)=r(0,1);-32768;32767;",128,0,0,0
  13               		.stabs	"char:t(0,2)=@s8;r(0,2);0;255;",128,0,0,0
  14               		.stabs	"long int:t(0,3)=@s32;r(0,3);020000000000;017777777777;",128,0,0,0
  15               		.stabs	"unsigned int:t(0,4)=r(0,4);0;0177777;",128,0,0,0
  16               		.stabs	"long unsigned int:t(0,5)=@s32;r(0,5);0;037777777777;",128,0,0,0
  17               		.stabs	"long long int:t(0,6)=@s64;r(0,6);01000000000000000000000;0777777777777777777777;",128,0,0,
  18               		.stabs	"long long unsigned int:t(0,7)=@s64;r(0,7);0;01777777777777777777777;",128,0,0,0
  19               		.stabs	"short int:t(0,8)=r(0,8);-32768;32767;",128,0,0,0
  20               		.stabs	"short unsigned int:t(0,9)=r(0,9);0;0177777;",128,0,0,0
  21               		.stabs	"signed char:t(0,10)=@s8;r(0,10);-128;127;",128,0,0,0
  22               		.stabs	"unsigned char:t(0,11)=@s8;r(0,11);0;255;",128,0,0,0
  23               		.stabs	"float:t(0,12)=r(0,1);4;0;",128,0,0,0
  24               		.stabs	"double:t(0,13)=r(0,1);4;0;",128,0,0,0
  25               		.stabs	"long double:t(0,14)=r(0,1);4;0;",128,0,0,0
  26               		.stabs	"short _Fract:t(0,15)=r(0,1);1;0;",128,0,0,0
  27               		.stabs	"_Fract:t(0,16)=r(0,1);2;0;",128,0,0,0
  28               		.stabs	"long _Fract:t(0,17)=r(0,1);4;0;",128,0,0,0
  29               		.stabs	"long long _Fract:t(0,18)=r(0,1);8;0;",128,0,0,0
  30               		.stabs	"unsigned short _Fract:t(0,19)=r(0,1);1;0;",128,0,0,0
  31               		.stabs	"unsigned _Fract:t(0,20)=r(0,1);2;0;",128,0,0,0
  32               		.stabs	"unsigned long _Fract:t(0,21)=r(0,1);4;0;",128,0,0,0
  33               		.stabs	"unsigned long long _Fract:t(0,22)=r(0,1);8;0;",128,0,0,0
  34               		.stabs	"_Sat short _Fract:t(0,23)=r(0,1);1;0;",128,0,0,0
  35               		.stabs	"_Sat _Fract:t(0,24)=r(0,1);2;0;",128,0,0,0
  36               		.stabs	"_Sat long _Fract:t(0,25)=r(0,1);4;0;",128,0,0,0
  37               		.stabs	"_Sat long long _Fract:t(0,26)=r(0,1);8;0;",128,0,0,0
  38               		.stabs	"_Sat unsigned short _Fract:t(0,27)=r(0,1);1;0;",128,0,0,0
  39               		.stabs	"_Sat unsigned _Fract:t(0,28)=r(0,1);2;0;",128,0,0,0
  40               		.stabs	"_Sat unsigned long _Fract:t(0,29)=r(0,1);4;0;",128,0,0,0
  41               		.stabs	"_Sat unsigned long long _Fract:t(0,30)=r(0,1);8;0;",128,0,0,0
  42               		.stabs	"short _Accum:t(0,31)=r(0,1);2;0;",128,0,0,0
  43               		.stabs	"_Accum:t(0,32)=r(0,1);4;0;",128,0,0,0
  44               		.stabs	"long _Accum:t(0,33)=r(0,1);8;0;",128,0,0,0
  45               		.stabs	"long long _Accum:t(0,34)=r(0,1);8;0;",128,0,0,0
  46               		.stabs	"unsigned short _Accum:t(0,35)=r(0,1);2;0;",128,0,0,0
  47               		.stabs	"unsigned _Accum:t(0,36)=r(0,1);4;0;",128,0,0,0
  48               		.stabs	"unsigned long _Accum:t(0,37)=r(0,1);8;0;",128,0,0,0
  49               		.stabs	"unsigned long long _Accum:t(0,38)=r(0,1);8;0;",128,0,0,0
  50               		.stabs	"_Sat short _Accum:t(0,39)=r(0,1);2;0;",128,0,0,0
  51               		.stabs	"_Sat _Accum:t(0,40)=r(0,1);4;0;",128,0,0,0
  52               		.stabs	"_Sat long _Accum:t(0,41)=r(0,1);8;0;",128,0,0,0
  53               		.stabs	"_Sat long long _Accum:t(0,42)=r(0,1);8;0;",128,0,0,0
  54               		.stabs	"_Sat unsigned short _Accum:t(0,43)=r(0,1);2;0;",128,0,0,0
  55               		.stabs	"_Sat unsigned _Accum:t(0,44)=r(0,1);4;0;",128,0,0,0
  56               		.stabs	"_Sat unsigned long _Accum:t(0,45)=r(0,1);8;0;",128,0,0,0
  57               		.stabs	"_Sat unsigned long long _Accum:t(0,46)=r(0,1);8;0;",128,0,0,0
GAS LISTING /tmp/cciu9wZv.s 			page 2


  58               		.stabs	"void:t(0,47)=(0,47)",128,0,0,0
  59               		.stabs	"/usr/lib/avr/include/avr/io.h",130,0,0,0
  60               		.stabs	"/usr/lib/avr/include/avr/sfr_defs.h",130,0,0,0
  61               		.stabs	"/usr/lib/avr/include/inttypes.h",130,0,0,0
  62               		.stabs	"/usr/lib/gcc/avr/4.9.2/include/stdint.h",130,0,0,0
  63               		.stabs	"/usr/lib/avr/include/stdint.h",130,0,0,0
  64               		.stabs	"int8_t:t(5,1)=(0,10)",128,0,121,0
  65               		.stabs	"uint8_t:t(5,2)=(0,11)",128,0,122,0
  66               		.stabs	"int16_t:t(5,3)=(0,1)",128,0,123,0
  67               		.stabs	"uint16_t:t(5,4)=(0,4)",128,0,124,0
  68               		.stabs	"int32_t:t(5,5)=(0,3)",128,0,125,0
  69               		.stabs	"uint32_t:t(5,6)=(0,5)",128,0,126,0
  70               		.stabs	"int64_t:t(5,7)=(0,6)",128,0,128,0
  71               		.stabs	"uint64_t:t(5,8)=(0,7)",128,0,129,0
  72               		.stabs	"intptr_t:t(5,9)=(5,3)",128,0,142,0
  73               		.stabs	"uintptr_t:t(5,10)=(5,4)",128,0,147,0
  74               		.stabs	"int_least8_t:t(5,11)=(5,1)",128,0,159,0
  75               		.stabs	"uint_least8_t:t(5,12)=(5,2)",128,0,164,0
  76               		.stabs	"int_least16_t:t(5,13)=(5,3)",128,0,169,0
  77               		.stabs	"uint_least16_t:t(5,14)=(5,4)",128,0,174,0
  78               		.stabs	"int_least32_t:t(5,15)=(5,5)",128,0,179,0
  79               		.stabs	"uint_least32_t:t(5,16)=(5,6)",128,0,184,0
  80               		.stabs	"int_least64_t:t(5,17)=(5,7)",128,0,192,0
  81               		.stabs	"uint_least64_t:t(5,18)=(5,8)",128,0,199,0
  82               		.stabs	"int_fast8_t:t(5,19)=(5,1)",128,0,213,0
  83               		.stabs	"uint_fast8_t:t(5,20)=(5,2)",128,0,218,0
  84               		.stabs	"int_fast16_t:t(5,21)=(5,3)",128,0,223,0
  85               		.stabs	"uint_fast16_t:t(5,22)=(5,4)",128,0,228,0
  86               		.stabs	"int_fast32_t:t(5,23)=(5,5)",128,0,233,0
  87               		.stabs	"uint_fast32_t:t(5,24)=(5,6)",128,0,238,0
  88               		.stabs	"int_fast64_t:t(5,25)=(5,7)",128,0,246,0
  89               		.stabs	"uint_fast64_t:t(5,26)=(5,8)",128,0,253,0
  90               		.stabs	"intmax_t:t(5,27)=(5,7)",128,0,273,0
  91               		.stabs	"uintmax_t:t(5,28)=(5,8)",128,0,278,0
  92               		.stabn	162,0,0,0
  93               		.stabn	162,0,0,0
  94               		.stabs	"int_farptr_t:t(3,1)=(5,5)",128,0,77,0
  95               		.stabs	"uint_farptr_t:t(3,2)=(5,6)",128,0,81,0
  96               		.stabn	162,0,0,0
  97               		.stabn	162,0,0,0
  98               		.stabs	"/usr/lib/avr/include/avr/fuse.h",130,0,0,0
  99               		.stabs	"__fuse_t:t(6,1)=(6,2)=s3low:(0,11),0,8;high:(0,11),8,8;extended:(0,11),16,8;;",128,0,244,0
 100               		.stabn	162,0,0,0
 101               		.stabn	162,0,0,0
 102               		.stabs	"event.h",130,0,0,0
 103               		.stabs	"event_t:t(7,1)=(5,4)",128,0,6,0
 104               		.stabs	" :T(7,2)=eEVENT0:1,EVENT1:2,EVENT2:4,EVENT3:8,EVENT4:16,EVENT5:32,EVENT6:64,EVENT7:128,EVE
 105               		.stabn	162,0,0,0
 106               		.stabs	"cb_t:t(0,48)=(0,49)=*(0,50)=f(0,47)",128,0,21,0
 107               		.stabs	"f1:F(0,47)",36,0,11,f1
 108               		.stabs	"e:P(7,1)",64,0,11,24
 109               	.global	f1
 110               		.type	f1, @function
 111               	f1:
 112               		.stabd	46,0,0
   1:blinky3.c     **** #include <avr/io.h>
   2:blinky3.c     **** #include <avr/cpufunc.h>
GAS LISTING /tmp/cciu9wZv.s 			page 3


   3:blinky3.c     **** #include <avr/interrupt.h>
   4:blinky3.c     **** #include "timer.h"
   5:blinky3.c     **** #include "event.h"
   6:blinky3.c     **** 
   7:blinky3.c     **** 
   8:blinky3.c     **** #define MAX_CB 2
   9:blinky3.c     **** #define CB_MASK ((1 << MAX_CB) -1)
  10:blinky3.c     **** 
  11:blinky3.c     **** void f1(event_t e)
  12:blinky3.c     **** {
 113               		.stabn	68,0,12,.LM0-.LFBB1
 114               	.LM0:
 115               	.LFBB1:
 116               	/* prologue: function */
 117               	/* frame size = 0 */
 118               	/* stack size = 0 */
 119               	.L__stack_usage = 0
  13:blinky3.c     ****     PINB = _BV(PB5);
 120               		.stabn	68,0,13,.LM1-.LFBB1
 121               	.LM1:
 122 0000 80E2      		ldi r24,lo8(32)
 123 0002 83B9      		out 0x3,r24
 124 0004 0895      		ret
 125               		.size	f1, .-f1
 126               	.Lscope1:
 127               		.stabs	"",36,0,0,.Lscope1-.LFBB1
 128               		.stabd	78,0,0
 129               		.stabs	"f2:F(0,47)",36,0,16,f2
 130               		.stabs	"e:P(7,1)",64,0,16,24
 131               	.global	f2
 132               		.type	f2, @function
 133               	f2:
 134               		.stabd	46,0,0
  14:blinky3.c     **** }
  15:blinky3.c     **** 
  16:blinky3.c     **** void f2(event_t e)
  17:blinky3.c     **** {
 135               		.stabn	68,0,17,.LM2-.LFBB2
 136               	.LM2:
 137               	.LFBB2:
 138               	/* prologue: function */
 139               	/* frame size = 0 */
 140               	/* stack size = 0 */
 141               	.L__stack_usage = 0
  18:blinky3.c     ****     PINB = _BV(PB4);
 142               		.stabn	68,0,18,.LM3-.LFBB2
 143               	.LM3:
 144 0006 80E1      		ldi r24,lo8(16)
 145 0008 83B9      		out 0x3,r24
 146 000a 0895      		ret
 147               		.size	f2, .-f2
 148               	.Lscope2:
 149               		.stabs	"",36,0,0,.Lscope2-.LFBB2
 150               		.stabd	78,0,0
 151               		.stabs	"setup_main:F(0,47)",36,0,24,setup_main
 152               	.global	setup_main
 153               		.type	setup_main, @function
GAS LISTING /tmp/cciu9wZv.s 			page 4


 154               	setup_main:
 155               		.stabd	46,0,0
  19:blinky3.c     **** }
  20:blinky3.c     **** 
  21:blinky3.c     **** typedef void (*cb_t)(event_t);
  22:blinky3.c     **** cb_t cb_array[MAX_CB] = {f1, f2};
  23:blinky3.c     **** 
  24:blinky3.c     **** void setup_main(void)
  25:blinky3.c     **** {
 156               		.stabn	68,0,25,.LM4-.LFBB3
 157               	.LM4:
 158               	.LFBB3:
 159               	/* prologue: function */
 160               	/* frame size = 0 */
 161               	/* stack size = 0 */
 162               	.L__stack_usage = 0
  26:blinky3.c     ****     DDRB |= _BV(DD4) | _BV(DD5);
 163               		.stabn	68,0,26,.LM5-.LFBB3
 164               	.LM5:
 165 000c 84B1      		in r24,0x4
 166 000e 8063      		ori r24,lo8(48)
 167 0010 84B9      		out 0x4,r24
  27:blinky3.c     ****     sei();
 168               		.stabn	68,0,27,.LM6-.LFBB3
 169               	.LM6:
 170               	/* #APP */
 171               	 ;  27 "blinky3.c" 1
 172 0012 7894      		sei
 173               	 ;  0 "" 2
 174               	/* #NOAPP */
 175 0014 0895      		ret
 176               		.size	setup_main, .-setup_main
 177               	.Lscope3:
 178               		.stabs	"",36,0,0,.Lscope3-.LFBB3
 179               		.stabd	78,0,0
 180               		.section	.text.startup,"ax",@progbits
 181               		.stabs	"main:F(0,1)",36,0,30,main
 182               	.global	main
 183               		.type	main, @function
 184               	main:
 185               		.stabd	46,0,0
  28:blinky3.c     **** }
  29:blinky3.c     **** 
  30:blinky3.c     **** int main(void)
  31:blinky3.c     **** {
 186               		.stabn	68,0,31,.LM7-.LFBB4
 187               	.LM7:
 188               	.LFBB4:
 189               	/* prologue: function */
 190               	/* frame size = 0 */
 191               	/* stack size = 0 */
 192               	.L__stack_usage = 0
  32:blinky3.c     ****     uint8_t ev;
  33:blinky3.c     **** 
  34:blinky3.c     ****     setup_timer0_timer(2000, 1);
 193               		.stabn	68,0,34,.LM8-.LFBB4
 194               	.LM8:
GAS LISTING /tmp/cciu9wZv.s 			page 5


 195 0000 61E0      		ldi r22,lo8(1)
 196 0002 80ED      		ldi r24,lo8(-48)
 197 0004 97E0      		ldi r25,lo8(7)
 198 0006 0E94 0000 		call setup_timer0_timer
  35:blinky3.c     ****     setup_timer2_timer(6000, 1);
 199               		.stabn	68,0,35,.LM9-.LFBB4
 200               	.LM9:
 201 000a 61E0      		ldi r22,lo8(1)
 202 000c 80E7      		ldi r24,lo8(112)
 203 000e 97E1      		ldi r25,lo8(23)
 204 0010 0E94 0000 		call setup_timer2_timer
  36:blinky3.c     ****     setup_main();
 205               		.stabn	68,0,36,.LM10-.LFBB4
 206               	.LM10:
 207 0014 0E94 0000 		call setup_main
  37:blinky3.c     **** 
  38:blinky3.c     ****     while (1) {
  39:blinky3.c     ****         ev = wait_for_events();
  40:blinky3.c     ****         cb_array[ev](_BV(ev));
 208               		.stabn	68,0,40,.LM11-.LFBB4
 209               	.LM11:
 210 0018 C1E0      		ldi r28,lo8(1)
 211 001a D0E0      		ldi r29,0
 212               	.L5:
  39:blinky3.c     ****         cb_array[ev](_BV(ev));
 213               		.stabn	68,0,39,.LM12-.LFBB4
 214               	.LM12:
 215 001c 0E94 0000 		call wait_for_events
 216 0020 9927      		clr r25
 217               		.stabn	68,0,40,.LM13-.LFBB4
 218               	.LM13:
 219 0022 FC01      		movw r30,r24
 220 0024 EE0F      		lsl r30
 221 0026 FF1F      		rol r31
 222 0028 E050      		subi r30,lo8(-(cb_array))
 223 002a F040      		sbci r31,hi8(-(cb_array))
 224 002c 0190      		ld __tmp_reg__,Z+
 225 002e F081      		ld r31,Z
 226 0030 E02D      		mov r30,__tmp_reg__
 227 0032 9E01      		movw r18,r28
 228 0034 00C0      		rjmp 2f
 229               		1:
 230 0036 220F      		lsl r18
 231 0038 331F      		rol r19
 232               		2:
 233 003a 8A95      		dec r24
 234 003c 02F4      		brpl 1b
 235 003e C901      		movw r24,r18
 236 0040 0995      		icall
  41:blinky3.c     ****     }
 237               		.stabn	68,0,41,.LM14-.LFBB4
 238               	.LM14:
 239 0042 00C0      		rjmp .L5
 240               		.size	main, .-main
 241               	.Lscope4:
 242               		.stabs	"",36,0,0,.Lscope4-.LFBB4
 243               		.stabd	78,0,0
GAS LISTING /tmp/cciu9wZv.s 			page 6


 244               	.global	cb_array
 245               		.data
 246               		.type	cb_array, @object
 247               		.size	cb_array, 4
 248               	cb_array:
 249 0000 0000      		.word	gs(f1)
 250 0002 0000      		.word	gs(f2)
 251               		.stabs	"cb_array:G(0,51)=ar(0,52)=r(0,52);0;0177777;;0;1;(0,48)",32,0,22,0
 252               		.text
 253               		.stabs	"",100,0,0,.Letext0
 254               	.Letext0:
 255               		.ident	"GCC: (GNU) 4.9.2"
 256               	.global __do_copy_data
GAS LISTING /tmp/cciu9wZv.s 			page 7


DEFINED SYMBOLS
                            *ABS*:0000000000000000 blinky3.c
     /tmp/cciu9wZv.s:2      *ABS*:000000000000003e __SP_H__
     /tmp/cciu9wZv.s:3      *ABS*:000000000000003d __SP_L__
     /tmp/cciu9wZv.s:4      *ABS*:000000000000003f __SREG__
     /tmp/cciu9wZv.s:5      *ABS*:0000000000000000 __tmp_reg__
     /tmp/cciu9wZv.s:6      *ABS*:0000000000000001 __zero_reg__
     /tmp/cciu9wZv.s:111    .text:0000000000000000 f1
     /tmp/cciu9wZv.s:133    .text:0000000000000006 f2
     /tmp/cciu9wZv.s:154    .text:000000000000000c setup_main
     /tmp/cciu9wZv.s:184    .text.startup:0000000000000000 main
     /tmp/cciu9wZv.s:248    .data:0000000000000000 cb_array

UNDEFINED SYMBOLS
setup_timer0_timer
setup_timer2_timer
wait_for_events
__do_copy_data
