GAS LISTING /tmp/ccK4MCOK.s 			page 1


   1               		.file	"sm.c"
   2               	__SP_H__ = 0x3e
   3               	__SP_L__ = 0x3d
   4               	__SREG__ = 0x3f
   5               	__tmp_reg__ = 0
   6               	__zero_reg__ = 1
   7               		.stabs	"/home/aluno/RTOs - N apagar, \343\201\217\343\201\240\343\201\225\343\201\204/13aula/remot
   8               		.stabs	"sm.c",100,0,2,.Ltext0
   9               		.text
  10               	.Ltext0:
  11               		.stabs	"gcc2_compiled.",60,0,0,0
  12               		.stabs	"int:t(0,1)=r(0,1);-32768;32767;",128,0,0,0
  13               		.stabs	"char:t(0,2)=@s8;r(0,2);0;255;",128,0,0,0
  14               		.stabs	"long int:t(0,3)=@s32;r(0,3);020000000000;017777777777;",128,0,0,0
  15               		.stabs	"unsigned int:t(0,4)=r(0,4);0;0177777;",128,0,0,0
  16               		.stabs	"long unsigned int:t(0,5)=@s32;r(0,5);0;037777777777;",128,0,0,0
  17               		.stabs	"long long int:t(0,6)=@s64;r(0,6);01000000000000000000000;0777777777777777777777;",128,0,0,
  18               		.stabs	"long long unsigned int:t(0,7)=@s64;r(0,7);0;01777777777777777777777;",128,0,0,0
  19               		.stabs	"short int:t(0,8)=r(0,8);-32768;32767;",128,0,0,0
  20               		.stabs	"short unsigned int:t(0,9)=r(0,9);0;0177777;",128,0,0,0
  21               		.stabs	"signed char:t(0,10)=@s8;r(0,10);-128;127;",128,0,0,0
  22               		.stabs	"unsigned char:t(0,11)=@s8;r(0,11);0;255;",128,0,0,0
  23               		.stabs	"float:t(0,12)=r(0,1);4;0;",128,0,0,0
  24               		.stabs	"double:t(0,13)=r(0,1);4;0;",128,0,0,0
  25               		.stabs	"long double:t(0,14)=r(0,1);4;0;",128,0,0,0
  26               		.stabs	"short _Fract:t(0,15)=r(0,1);1;0;",128,0,0,0
  27               		.stabs	"_Fract:t(0,16)=r(0,1);2;0;",128,0,0,0
  28               		.stabs	"long _Fract:t(0,17)=r(0,1);4;0;",128,0,0,0
  29               		.stabs	"long long _Fract:t(0,18)=r(0,1);8;0;",128,0,0,0
  30               		.stabs	"unsigned short _Fract:t(0,19)=r(0,1);1;0;",128,0,0,0
  31               		.stabs	"unsigned _Fract:t(0,20)=r(0,1);2;0;",128,0,0,0
  32               		.stabs	"unsigned long _Fract:t(0,21)=r(0,1);4;0;",128,0,0,0
  33               		.stabs	"unsigned long long _Fract:t(0,22)=r(0,1);8;0;",128,0,0,0
  34               		.stabs	"_Sat short _Fract:t(0,23)=r(0,1);1;0;",128,0,0,0
  35               		.stabs	"_Sat _Fract:t(0,24)=r(0,1);2;0;",128,0,0,0
  36               		.stabs	"_Sat long _Fract:t(0,25)=r(0,1);4;0;",128,0,0,0
  37               		.stabs	"_Sat long long _Fract:t(0,26)=r(0,1);8;0;",128,0,0,0
  38               		.stabs	"_Sat unsigned short _Fract:t(0,27)=r(0,1);1;0;",128,0,0,0
  39               		.stabs	"_Sat unsigned _Fract:t(0,28)=r(0,1);2;0;",128,0,0,0
  40               		.stabs	"_Sat unsigned long _Fract:t(0,29)=r(0,1);4;0;",128,0,0,0
  41               		.stabs	"_Sat unsigned long long _Fract:t(0,30)=r(0,1);8;0;",128,0,0,0
  42               		.stabs	"short _Accum:t(0,31)=r(0,1);2;0;",128,0,0,0
  43               		.stabs	"_Accum:t(0,32)=r(0,1);4;0;",128,0,0,0
  44               		.stabs	"long _Accum:t(0,33)=r(0,1);8;0;",128,0,0,0
  45               		.stabs	"long long _Accum:t(0,34)=r(0,1);8;0;",128,0,0,0
  46               		.stabs	"unsigned short _Accum:t(0,35)=r(0,1);2;0;",128,0,0,0
  47               		.stabs	"unsigned _Accum:t(0,36)=r(0,1);4;0;",128,0,0,0
  48               		.stabs	"unsigned long _Accum:t(0,37)=r(0,1);8;0;",128,0,0,0
  49               		.stabs	"unsigned long long _Accum:t(0,38)=r(0,1);8;0;",128,0,0,0
  50               		.stabs	"_Sat short _Accum:t(0,39)=r(0,1);2;0;",128,0,0,0
  51               		.stabs	"_Sat _Accum:t(0,40)=r(0,1);4;0;",128,0,0,0
  52               		.stabs	"_Sat long _Accum:t(0,41)=r(0,1);8;0;",128,0,0,0
  53               		.stabs	"_Sat long long _Accum:t(0,42)=r(0,1);8;0;",128,0,0,0
  54               		.stabs	"_Sat unsigned short _Accum:t(0,43)=r(0,1);2;0;",128,0,0,0
  55               		.stabs	"_Sat unsigned _Accum:t(0,44)=r(0,1);4;0;",128,0,0,0
  56               		.stabs	"_Sat unsigned long _Accum:t(0,45)=r(0,1);8;0;",128,0,0,0
  57               		.stabs	"_Sat unsigned long long _Accum:t(0,46)=r(0,1);8;0;",128,0,0,0
GAS LISTING /tmp/ccK4MCOK.s 			page 2


  58               		.stabs	"void:t(0,47)=(0,47)",128,0,0,0
  59               		.stabs	"sm.h",130,0,0,0
  60               		.stabs	"event.h",130,0,0,0
  61               		.stabs	"/usr/lib/avr/include/avr/io.h",130,0,0,0
  62               		.stabs	"/usr/lib/avr/include/avr/sfr_defs.h",130,0,0,0
  63               		.stabs	"/usr/lib/avr/include/inttypes.h",130,0,0,0
  64               		.stabs	"/usr/lib/gcc/avr/4.9.2/include/stdint.h",130,0,0,0
  65               		.stabs	"/usr/lib/avr/include/stdint.h",130,0,0,0
  66               		.stabs	"int8_t:t(7,1)=(0,10)",128,0,121,0
  67               		.stabs	"uint8_t:t(7,2)=(0,11)",128,0,122,0
  68               		.stabs	"int16_t:t(7,3)=(0,1)",128,0,123,0
  69               		.stabs	"uint16_t:t(7,4)=(0,4)",128,0,124,0
  70               		.stabs	"int32_t:t(7,5)=(0,3)",128,0,125,0
  71               		.stabs	"uint32_t:t(7,6)=(0,5)",128,0,126,0
  72               		.stabs	"int64_t:t(7,7)=(0,6)",128,0,128,0
  73               		.stabs	"uint64_t:t(7,8)=(0,7)",128,0,129,0
  74               		.stabs	"intptr_t:t(7,9)=(7,3)",128,0,142,0
  75               		.stabs	"uintptr_t:t(7,10)=(7,4)",128,0,147,0
  76               		.stabs	"int_least8_t:t(7,11)=(7,1)",128,0,159,0
  77               		.stabs	"uint_least8_t:t(7,12)=(7,2)",128,0,164,0
  78               		.stabs	"int_least16_t:t(7,13)=(7,3)",128,0,169,0
  79               		.stabs	"uint_least16_t:t(7,14)=(7,4)",128,0,174,0
  80               		.stabs	"int_least32_t:t(7,15)=(7,5)",128,0,179,0
  81               		.stabs	"uint_least32_t:t(7,16)=(7,6)",128,0,184,0
  82               		.stabs	"int_least64_t:t(7,17)=(7,7)",128,0,192,0
  83               		.stabs	"uint_least64_t:t(7,18)=(7,8)",128,0,199,0
  84               		.stabs	"int_fast8_t:t(7,19)=(7,1)",128,0,213,0
  85               		.stabs	"uint_fast8_t:t(7,20)=(7,2)",128,0,218,0
  86               		.stabs	"int_fast16_t:t(7,21)=(7,3)",128,0,223,0
  87               		.stabs	"uint_fast16_t:t(7,22)=(7,4)",128,0,228,0
  88               		.stabs	"int_fast32_t:t(7,23)=(7,5)",128,0,233,0
  89               		.stabs	"uint_fast32_t:t(7,24)=(7,6)",128,0,238,0
  90               		.stabs	"int_fast64_t:t(7,25)=(7,7)",128,0,246,0
  91               		.stabs	"uint_fast64_t:t(7,26)=(7,8)",128,0,253,0
  92               		.stabs	"intmax_t:t(7,27)=(7,7)",128,0,273,0
  93               		.stabs	"uintmax_t:t(7,28)=(7,8)",128,0,278,0
  94               		.stabn	162,0,0,0
  95               		.stabn	162,0,0,0
  96               		.stabs	"int_farptr_t:t(5,1)=(7,5)",128,0,77,0
  97               		.stabs	"uint_farptr_t:t(5,2)=(7,6)",128,0,81,0
  98               		.stabn	162,0,0,0
  99               		.stabn	162,0,0,0
 100               		.stabs	"/usr/lib/avr/include/avr/fuse.h",130,0,0,0
 101               		.stabs	"__fuse_t:t(8,1)=(8,2)=s3low:(0,11),0,8;high:(0,11),8,8;extended:(0,11),16,8;;",128,0,244,0
 102               		.stabn	162,0,0,0
 103               		.stabn	162,0,0,0
 104               		.stabs	"event_t:t(2,1)=(7,4)",128,0,6,0
 105               		.stabs	" :T(2,2)=eEVENT0:1,EVENT1:2,EVENT2:4,EVENT3:8,EVENT4:16,EVENT5:32,EVENT6:64,EVENT7:128,EVE
 106               		.stabn	162,0,0,0
 107               		.stabs	"cb_t:t(1,1)=(1,2)=*(1,3)=f(0,47)",128,0,6,0
 108               		.stabs	"state_t:t(1,4)=(7,2)",128,0,7,0
 109               		.stabn	162,0,0,0
 110               		.stabs	"init_base_machine:F(0,47)",36,0,11,init_base_machine
 111               		.stabs	"cbs:P(0,48)=*(1,1)",64,0,11,24
 112               		.stabs	"len:P(7,2)",64,0,11,22
 113               		.stabs	"initial_transition:P(1,1)",64,0,11,20
 114               		.stabs	"initial_state:P(1,4)",64,0,11,18
GAS LISTING /tmp/ccK4MCOK.s 			page 3


 115               	.global	init_base_machine
 116               		.type	init_base_machine, @function
 117               	init_base_machine:
 118               		.stabd	46,0,0
   1:sm.c          **** #include "sm.h"
   2:sm.c          **** 
   3:sm.c          **** 
   4:sm.c          **** cb_t *_cb_array;
   5:sm.c          **** cb_t _initial_transition;
   6:sm.c          **** uint8_t _cb_len;
   7:sm.c          **** state_t _initial_state;
   8:sm.c          **** state_t _state;
   9:sm.c          **** 
  10:sm.c          **** 
  11:sm.c          **** void init_base_machine(cb_t *cbs, uint8_t len, cb_t initial_transition, state_t initial_state)
  12:sm.c          **** {
 119               		.stabn	68,0,12,.LM0-.LFBB1
 120               	.LM0:
 121               	.LFBB1:
 122               	/* prologue: function */
 123               	/* frame size = 0 */
 124               	/* stack size = 0 */
 125               	.L__stack_usage = 0
  13:sm.c          **** 	_initial_transition = initial_transition;
 126               		.stabn	68,0,13,.LM1-.LFBB1
 127               	.LM1:
 128 0000 5093 0000 		sts _initial_transition+1,r21
 129 0004 4093 0000 		sts _initial_transition,r20
  14:sm.c          **** 	_state = _initial_state = initial_state;
 130               		.stabn	68,0,14,.LM2-.LFBB1
 131               	.LM2:
 132 0008 2093 0000 		sts _initial_state,r18
 133 000c 2093 0000 		sts _state,r18
  15:sm.c          **** 	_cb_len = len;
 134               		.stabn	68,0,15,.LM3-.LFBB1
 135               	.LM3:
 136 0010 6093 0000 		sts _cb_len,r22
  16:sm.c          **** 	_cb_array = cbs;
 137               		.stabn	68,0,16,.LM4-.LFBB1
 138               	.LM4:
 139 0014 9093 0000 		sts _cb_array+1,r25
 140 0018 8093 0000 		sts _cb_array,r24
  17:sm.c          **** 
  18:sm.c          **** 	if (initial_transition)
 141               		.stabn	68,0,18,.LM5-.LFBB1
 142               	.LM5:
 143 001c 4115      		cp r20,__zero_reg__
 144 001e 5105      		cpc r21,__zero_reg__
 145 0020 01F0      		breq .L1
  19:sm.c          **** 		initial_transition(0);
 146               		.stabn	68,0,19,.LM6-.LFBB1
 147               	.LM6:
 148 0022 80E0      		ldi r24,0
 149 0024 90E0      		ldi r25,0
 150 0026 FA01      		movw r30,r20
 151 0028 0994      		ijmp
 152               	.L1:
GAS LISTING /tmp/ccK4MCOK.s 			page 4


 153 002a 0895      		ret
 154               		.size	init_base_machine, .-init_base_machine
 155               	.Lscope1:
 156               		.stabs	"",36,0,0,.Lscope1-.LFBB1
 157               		.stabd	78,0,0
 158               		.stabs	"dispatch_event:F(0,47)",36,0,23,dispatch_event
 159               		.stabs	"ev:P(2,1)",64,0,23,24
 160               	.global	dispatch_event
 161               		.type	dispatch_event, @function
 162               	dispatch_event:
 163               		.stabd	46,0,0
  20:sm.c          **** }
  21:sm.c          **** 
  22:sm.c          **** 
  23:sm.c          **** void dispatch_event(event_t ev)
  24:sm.c          **** {
 164               		.stabn	68,0,24,.LM7-.LFBB2
 165               	.LM7:
 166               	.LFBB2:
 167               	/* prologue: function */
 168               	/* frame size = 0 */
 169               	/* stack size = 0 */
 170               	.L__stack_usage = 0
  25:sm.c          **** 	_cb_array[_state](ev);
 171               		.stabn	68,0,25,.LM8-.LFBB2
 172               	.LM8:
 173 002c 2091 0000 		lds r18,_state
 174 0030 4091 0000 		lds r20,_cb_array
 175 0034 3091 0000 		lds r19,_cb_array+1
 176 0038 E42F      		mov r30,r20
 177 003a F32F      		mov r31,r19
 178 003c E20F      		add r30,r18
 179 003e F11D      		adc r31,__zero_reg__
 180 0040 E20F      		add r30,r18
 181 0042 F11D      		adc r31,__zero_reg__
 182 0044 0190      		ld __tmp_reg__,Z+
 183 0046 F081      		ld r31,Z
 184 0048 E02D      		mov r30,__tmp_reg__
 185 004a 0994      		ijmp
 186               		.size	dispatch_event, .-dispatch_event
 187               	.Lscope2:
 188               		.stabs	"",36,0,0,.Lscope2-.LFBB2
 189               		.stabd	78,0,0
 190               		.comm	_state,1,1
 191               		.comm	_initial_state,1,1
 192               		.comm	_cb_len,1,1
 193               		.comm	_initial_transition,2,1
 194               		.comm	_cb_array,2,1
 195               		.stabs	"_state:G(1,4)",32,0,8,0
 196               		.stabs	"_cb_array:G(0,48)",32,0,4,0
 197               		.stabs	"_initial_transition:G(1,1)",32,0,5,0
 198               		.stabs	"_cb_len:G(7,2)",32,0,6,0
 199               		.stabs	"_initial_state:G(1,4)",32,0,7,0
 200               		.stabs	"",100,0,0,.Letext0
 201               	.Letext0:
 202               		.ident	"GCC: (GNU) 4.9.2"
 203               	.global __do_clear_bss
GAS LISTING /tmp/ccK4MCOK.s 			page 5


GAS LISTING /tmp/ccK4MCOK.s 			page 6


DEFINED SYMBOLS
                            *ABS*:0000000000000000 sm.c
     /tmp/ccK4MCOK.s:2      *ABS*:000000000000003e __SP_H__
     /tmp/ccK4MCOK.s:3      *ABS*:000000000000003d __SP_L__
     /tmp/ccK4MCOK.s:4      *ABS*:000000000000003f __SREG__
     /tmp/ccK4MCOK.s:5      *ABS*:0000000000000000 __tmp_reg__
     /tmp/ccK4MCOK.s:6      *ABS*:0000000000000001 __zero_reg__
     /tmp/ccK4MCOK.s:117    .text:0000000000000000 init_base_machine
                            *COM*:0000000000000002 _initial_transition
                            *COM*:0000000000000001 _initial_state
                            *COM*:0000000000000001 _state
                            *COM*:0000000000000001 _cb_len
                            *COM*:0000000000000002 _cb_array
     /tmp/ccK4MCOK.s:162    .text:000000000000002c dispatch_event

UNDEFINED SYMBOLS
__do_clear_bss
