GAS LISTING /tmp/cci9Q3Nt.s 			page 1


   1               		.file	"event.c"
   2               	__SP_H__ = 0x3e
   3               	__SP_L__ = 0x3d
   4               	__SREG__ = 0x3f
   5               	__tmp_reg__ = 0
   6               	__zero_reg__ = 1
   7               		.stabs	"/home/rcampello/Desktop/UFPE/6p/RTOs/9aula/Professor/",100,0,2,.Ltext0
   8               		.stabs	"event.c",100,0,2,.Ltext0
   9               		.text
  10               	.Ltext0:
  11               		.stabs	"gcc2_compiled.",60,0,0,0
  12               		.stabs	"int:t(0,1)=r(0,1);-32768;32767;",128,0,0,0
  13               		.stabs	"char:t(0,2)=@s8;r(0,2);0;255;",128,0,0,0
  14               		.stabs	"long int:t(0,3)=@s32;r(0,3);020000000000;017777777777;",128,0,0,0
  15               		.stabs	"unsigned int:t(0,4)=r(0,4);0;0177777;",128,0,0,0
  16               		.stabs	"long unsigned int:t(0,5)=@s32;r(0,5);0;037777777777;",128,0,0,0
  17               		.stabs	"long long int:t(0,6)=@s64;r(0,6);01000000000000000000000;0777777777777777777777;",128,0,0,
  18               		.stabs	"long long unsigned int:t(0,7)=@s64;r(0,7);0;01777777777777777777777;",128,0,0,0
  19               		.stabs	"short int:t(0,8)=r(0,8);-32768;32767;",128,0,0,0
  20               		.stabs	"short unsigned int:t(0,9)=r(0,9);0;0177777;",128,0,0,0
  21               		.stabs	"signed char:t(0,10)=@s8;r(0,10);-128;127;",128,0,0,0
  22               		.stabs	"unsigned char:t(0,11)=@s8;r(0,11);0;255;",128,0,0,0
  23               		.stabs	"float:t(0,12)=r(0,1);4;0;",128,0,0,0
  24               		.stabs	"double:t(0,13)=r(0,1);4;0;",128,0,0,0
  25               		.stabs	"long double:t(0,14)=r(0,1);4;0;",128,0,0,0
  26               		.stabs	"short _Fract:t(0,15)=r(0,1);1;0;",128,0,0,0
  27               		.stabs	"_Fract:t(0,16)=r(0,1);2;0;",128,0,0,0
  28               		.stabs	"long _Fract:t(0,17)=r(0,1);4;0;",128,0,0,0
  29               		.stabs	"long long _Fract:t(0,18)=r(0,1);8;0;",128,0,0,0
  30               		.stabs	"unsigned short _Fract:t(0,19)=r(0,1);1;0;",128,0,0,0
  31               		.stabs	"unsigned _Fract:t(0,20)=r(0,1);2;0;",128,0,0,0
  32               		.stabs	"unsigned long _Fract:t(0,21)=r(0,1);4;0;",128,0,0,0
  33               		.stabs	"unsigned long long _Fract:t(0,22)=r(0,1);8;0;",128,0,0,0
  34               		.stabs	"_Sat short _Fract:t(0,23)=r(0,1);1;0;",128,0,0,0
  35               		.stabs	"_Sat _Fract:t(0,24)=r(0,1);2;0;",128,0,0,0
  36               		.stabs	"_Sat long _Fract:t(0,25)=r(0,1);4;0;",128,0,0,0
  37               		.stabs	"_Sat long long _Fract:t(0,26)=r(0,1);8;0;",128,0,0,0
  38               		.stabs	"_Sat unsigned short _Fract:t(0,27)=r(0,1);1;0;",128,0,0,0
  39               		.stabs	"_Sat unsigned _Fract:t(0,28)=r(0,1);2;0;",128,0,0,0
  40               		.stabs	"_Sat unsigned long _Fract:t(0,29)=r(0,1);4;0;",128,0,0,0
  41               		.stabs	"_Sat unsigned long long _Fract:t(0,30)=r(0,1);8;0;",128,0,0,0
  42               		.stabs	"short _Accum:t(0,31)=r(0,1);2;0;",128,0,0,0
  43               		.stabs	"_Accum:t(0,32)=r(0,1);4;0;",128,0,0,0
  44               		.stabs	"long _Accum:t(0,33)=r(0,1);8;0;",128,0,0,0
  45               		.stabs	"long long _Accum:t(0,34)=r(0,1);8;0;",128,0,0,0
  46               		.stabs	"unsigned short _Accum:t(0,35)=r(0,1);2;0;",128,0,0,0
  47               		.stabs	"unsigned _Accum:t(0,36)=r(0,1);4;0;",128,0,0,0
  48               		.stabs	"unsigned long _Accum:t(0,37)=r(0,1);8;0;",128,0,0,0
  49               		.stabs	"unsigned long long _Accum:t(0,38)=r(0,1);8;0;",128,0,0,0
  50               		.stabs	"_Sat short _Accum:t(0,39)=r(0,1);2;0;",128,0,0,0
  51               		.stabs	"_Sat _Accum:t(0,40)=r(0,1);4;0;",128,0,0,0
  52               		.stabs	"_Sat long _Accum:t(0,41)=r(0,1);8;0;",128,0,0,0
  53               		.stabs	"_Sat long long _Accum:t(0,42)=r(0,1);8;0;",128,0,0,0
  54               		.stabs	"_Sat unsigned short _Accum:t(0,43)=r(0,1);2;0;",128,0,0,0
  55               		.stabs	"_Sat unsigned _Accum:t(0,44)=r(0,1);4;0;",128,0,0,0
  56               		.stabs	"_Sat unsigned long _Accum:t(0,45)=r(0,1);8;0;",128,0,0,0
  57               		.stabs	"_Sat unsigned long long _Accum:t(0,46)=r(0,1);8;0;",128,0,0,0
GAS LISTING /tmp/cci9Q3Nt.s 			page 2


  58               		.stabs	"void:t(0,47)=(0,47)",128,0,0,0
  59               		.stabs	"event.h",130,0,0,0
  60               		.stabs	"/usr/lib/avr/include/avr/io.h",130,0,0,0
  61               		.stabs	"/usr/lib/avr/include/avr/sfr_defs.h",130,0,0,0
  62               		.stabs	"/usr/lib/avr/include/inttypes.h",130,0,0,0
  63               		.stabs	"/usr/lib/gcc/avr/4.9.2/include/stdint.h",130,0,0,0
  64               		.stabs	"/usr/lib/avr/include/stdint.h",130,0,0,0
  65               		.stabs	"int8_t:t(6,1)=(0,10)",128,0,121,0
  66               		.stabs	"uint8_t:t(6,2)=(0,11)",128,0,122,0
  67               		.stabs	"int16_t:t(6,3)=(0,1)",128,0,123,0
  68               		.stabs	"uint16_t:t(6,4)=(0,4)",128,0,124,0
  69               		.stabs	"int32_t:t(6,5)=(0,3)",128,0,125,0
  70               		.stabs	"uint32_t:t(6,6)=(0,5)",128,0,126,0
  71               		.stabs	"int64_t:t(6,7)=(0,6)",128,0,128,0
  72               		.stabs	"uint64_t:t(6,8)=(0,7)",128,0,129,0
  73               		.stabs	"intptr_t:t(6,9)=(6,3)",128,0,142,0
  74               		.stabs	"uintptr_t:t(6,10)=(6,4)",128,0,147,0
  75               		.stabs	"int_least8_t:t(6,11)=(6,1)",128,0,159,0
  76               		.stabs	"uint_least8_t:t(6,12)=(6,2)",128,0,164,0
  77               		.stabs	"int_least16_t:t(6,13)=(6,3)",128,0,169,0
  78               		.stabs	"uint_least16_t:t(6,14)=(6,4)",128,0,174,0
  79               		.stabs	"int_least32_t:t(6,15)=(6,5)",128,0,179,0
  80               		.stabs	"uint_least32_t:t(6,16)=(6,6)",128,0,184,0
  81               		.stabs	"int_least64_t:t(6,17)=(6,7)",128,0,192,0
  82               		.stabs	"uint_least64_t:t(6,18)=(6,8)",128,0,199,0
  83               		.stabs	"int_fast8_t:t(6,19)=(6,1)",128,0,213,0
  84               		.stabs	"uint_fast8_t:t(6,20)=(6,2)",128,0,218,0
  85               		.stabs	"int_fast16_t:t(6,21)=(6,3)",128,0,223,0
  86               		.stabs	"uint_fast16_t:t(6,22)=(6,4)",128,0,228,0
  87               		.stabs	"int_fast32_t:t(6,23)=(6,5)",128,0,233,0
  88               		.stabs	"uint_fast32_t:t(6,24)=(6,6)",128,0,238,0
  89               		.stabs	"int_fast64_t:t(6,25)=(6,7)",128,0,246,0
  90               		.stabs	"uint_fast64_t:t(6,26)=(6,8)",128,0,253,0
  91               		.stabs	"intmax_t:t(6,27)=(6,7)",128,0,273,0
  92               		.stabs	"uintmax_t:t(6,28)=(6,8)",128,0,278,0
  93               		.stabn	162,0,0,0
  94               		.stabn	162,0,0,0
  95               		.stabs	"int_farptr_t:t(4,1)=(6,5)",128,0,77,0
  96               		.stabs	"uint_farptr_t:t(4,2)=(6,6)",128,0,81,0
  97               		.stabn	162,0,0,0
  98               		.stabn	162,0,0,0
  99               		.stabs	"/usr/lib/avr/include/avr/fuse.h",130,0,0,0
 100               		.stabs	"__fuse_t:t(7,1)=(7,2)=s3low:(0,11),0,8;high:(0,11),8,8;extended:(0,11),16,8;;",128,0,244,0
 101               		.stabn	162,0,0,0
 102               		.stabn	162,0,0,0
 103               		.stabs	"event_t:t(1,1)=(6,4)",128,0,6,0
 104               		.stabs	" :T(1,2)=eEVENT0:1,EVENT1:2,EVENT2:4,EVENT3:8,EVENT4:16,EVENT5:32,EVENT6:64,EVENT7:128,EVE
 105               		.stabn	162,0,0,0
 106               		.comm	events,2,1
 107               		.stabs	"events:G(1,1)",32,0,4,0
 108               		.stabs	"",100,0,0,.Letext0
 109               	.Letext0:
 110               		.ident	"GCC: (GNU) 4.9.2"
 111               	.global __do_clear_bss
GAS LISTING /tmp/cci9Q3Nt.s 			page 3


DEFINED SYMBOLS
                            *ABS*:0000000000000000 event.c
     /tmp/cci9Q3Nt.s:2      *ABS*:000000000000003e __SP_H__
     /tmp/cci9Q3Nt.s:3      *ABS*:000000000000003d __SP_L__
     /tmp/cci9Q3Nt.s:4      *ABS*:000000000000003f __SREG__
     /tmp/cci9Q3Nt.s:5      *ABS*:0000000000000000 __tmp_reg__
     /tmp/cci9Q3Nt.s:6      *ABS*:0000000000000001 __zero_reg__
                            *COM*:0000000000000002 events

UNDEFINED SYMBOLS
__do_clear_bss
